{
  "D:/Проекты/react/Копия работы/react-task/vite-project/src/data/pages.ts": {
    "path": "D:/Проекты/react/Копия работы/react-task/vite-project/src/data/pages.ts",
    "statementMap": {
      "0": {
        "start": {
          "line": 1,
          "column": 36
        },
        "end": {
          "line": 6,
          "column": 16
        }
      },
      "1": {
        "start": {
          "line": 2,
          "column": 2
        },
        "end": {
          "line": 2,
          "column": 29
        }
      },
      "2": {
        "start": {
          "line": 3,
          "column": 2
        },
        "end": {
          "line": 3,
          "column": 29
        }
      },
      "3": {
        "start": {
          "line": 4,
          "column": 2
        },
        "end": {
          "line": 4,
          "column": 27
        }
      },
      "4": {
        "start": {
          "line": 5,
          "column": 2
        },
        "end": {
          "line": 5,
          "column": 17
        }
      }
    },
    "fnMap": {
      "0": {
        "name": "(anonymous_0)",
        "decl": {
          "start": {
            "line": 1,
            "column": 37
          },
          "end": {
            "line": 1,
            "column": 38
          }
        },
        "loc": {
          "start": {
            "line": 1,
            "column": 50
          },
          "end": {
            "line": 6,
            "column": 1
          }
        },
        "line": 1
      }
    },
    "branchMap": {
      "0": {
        "loc": {
          "start": {
            "line": 6,
            "column": 3
          },
          "end": {
            "line": 6,
            "column": 15
          }
        },
        "type": "binary-expr",
        "locations": [
          {
            "start": {
              "line": 6,
              "column": 3
            },
            "end": {
              "line": 6,
              "column": 9
            }
          },
          {
            "start": {
              "line": 6,
              "column": 13
            },
            "end": {
              "line": 6,
              "column": 15
            }
          }
        ],
        "line": 6
      }
    },
    "s": {
      "0": 4,
      "1": 4,
      "2": 4,
      "3": 4,
      "4": 4
    },
    "f": {
      "0": 4
    },
    "b": {
      "0": [
        4,
        4
      ]
    },
    "inputSourceMap": {
      "version": 3,
      "sources": [
        "D:/Проекты/react/Копия работы/react-task/vite-project/src/data/pages.ts"
      ],
      "mappings": "AAAO,WAAK,SAAL,kBAAKA,YAAL;AACL,EAAAA,QAAA,WAAQ;AACR,EAAAA,QAAA,WAAQ;AACR,EAAAA,QAAA,UAAO;AAHG,SAAAA;AAAA,GAAA;",
      "names": [
        "EPages"
      ]
    },
    "_coverageSchema": "1a1c01bbd47fc00a2c39e90264f33305004495a9",
    "hash": "ac091b90ad84a8296a4f18cd9248ca84d97ec5c0"
  },
  "D:/Проекты/react/Копия работы/react-task/vite-project/src/pages/About.tsx": {
    "path": "D:/Проекты/react/Копия работы/react-task/vite-project/src/pages/About.tsx",
    "statementMap": {
      "0": {
        "start": {
          "line": 5,
          "column": 0
        },
        "end": {
          "line": 15,
          "column": 1
        }
      },
      "1": {
        "start": {
          "line": 6,
          "column": 2
        },
        "end": {
          "line": 8,
          "column": 3
        }
      },
      "2": {
        "start": {
          "line": 7,
          "column": 4
        },
        "end": {
          "line": 7,
          "column": 165
        }
      },
      "3": {
        "start": {
          "line": 9,
          "column": 2
        },
        "end": {
          "line": 9,
          "column": 39
        }
      },
      "4": {
        "start": {
          "line": 10,
          "column": 2
        },
        "end": {
          "line": 10,
          "column": 39
        }
      },
      "5": {
        "start": {
          "line": 11,
          "column": 2
        },
        "end": {
          "line": 13,
          "column": 4
        }
      },
      "6": {
        "start": {
          "line": 12,
          "column": 4
        },
        "end": {
          "line": 12,
          "column": 117
        }
      },
      "7": {
        "start": {
          "line": 14,
          "column": 2
        },
        "end": {
          "line": 14,
          "column": 75
        }
      },
      "8": {
        "start": {
          "line": 16,
          "column": 21
        },
        "end": {
          "line": 43,
          "column": 1
        }
      },
      "9": {
        "start": {
          "line": 17,
          "column": 2
        },
        "end": {
          "line": 42,
          "column": 11
        }
      },
      "10": {
        "start": {
          "line": 44,
          "column": 0
        },
        "end": {
          "line": 44,
          "column": 11
        }
      },
      "11": {
        "start": {
          "line": 46,
          "column": 0
        },
        "end": {
          "line": 46,
          "column": 26
        }
      },
      "12": {
        "start": {
          "line": 47,
          "column": 0
        },
        "end": {
          "line": 63,
          "column": 1
        }
      },
      "13": {
        "start": {
          "line": 48,
          "column": 2
        },
        "end": {
          "line": 48,
          "column": 39
        }
      },
      "14": {
        "start": {
          "line": 49,
          "column": 2
        },
        "end": {
          "line": 49,
          "column": 39
        }
      },
      "15": {
        "start": {
          "line": 50,
          "column": 2
        },
        "end": {
          "line": 62,
          "column": 5
        }
      },
      "16": {
        "start": {
          "line": 54,
          "column": 4
        },
        "end": {
          "line": 54,
          "column": 143
        }
      },
      "17": {
        "start": {
          "line": 55,
          "column": 4
        },
        "end": {
          "line": 61,
          "column": 7
        }
      },
      "18": {
        "start": {
          "line": 56,
          "column": 6
        },
        "end": {
          "line": 57,
          "column": 15
        }
      },
      "19": {
        "start": {
          "line": 57,
          "column": 8
        },
        "end": {
          "line": 57,
          "column": 15
        }
      },
      "20": {
        "start": {
          "line": 58,
          "column": 32
        },
        "end": {
          "line": 58,
          "column": 115
        }
      },
      "21": {
        "start": {
          "line": 59,
          "column": 6
        },
        "end": {
          "line": 60,
          "column": 54
        }
      },
      "22": {
        "start": {
          "line": 60,
          "column": 8
        },
        "end": {
          "line": 60,
          "column": 54
        }
      }
    },
    "fnMap": {
      "0": {
        "name": "(anonymous_0)",
        "decl": {
          "start": {
            "line": 11,
            "column": 24
          },
          "end": {
            "line": 11,
            "column": 25
          }
        },
        "loc": {
          "start": {
            "line": 11,
            "column": 38
          },
          "end": {
            "line": 13,
            "column": 3
          }
        },
        "line": 11
      },
      "1": {
        "name": "(anonymous_1)",
        "decl": {
          "start": {
            "line": 16,
            "column": 21
          },
          "end": {
            "line": 16,
            "column": 22
          }
        },
        "loc": {
          "start": {
            "line": 16,
            "column": 27
          },
          "end": {
            "line": 43,
            "column": 1
          }
        },
        "line": 16
      },
      "2": {
        "name": "(anonymous_2)",
        "decl": {
          "start": {
            "line": 53,
            "column": 9
          },
          "end": {
            "line": 53,
            "column": 10
          }
        },
        "loc": {
          "start": {
            "line": 53,
            "column": 29
          },
          "end": {
            "line": 62,
            "column": 3
          }
        },
        "line": 53
      },
      "3": {
        "name": "(anonymous_3)",
        "decl": {
          "start": {
            "line": 55,
            "column": 27
          },
          "end": {
            "line": 55,
            "column": 28
          }
        },
        "loc": {
          "start": {
            "line": 55,
            "column": 44
          },
          "end": {
            "line": 61,
            "column": 5
          }
        },
        "line": 55
      }
    },
    "branchMap": {
      "0": {
        "loc": {
          "start": {
            "line": 5,
            "column": 0
          },
          "end": {
            "line": 15,
            "column": 1
          }
        },
        "type": "if",
        "locations": [
          {
            "start": {
              "line": 5,
              "column": 0
            },
            "end": {
              "line": 15,
              "column": 1
            }
          },
          {
            "start": {},
            "end": {}
          }
        ],
        "line": 5
      },
      "1": {
        "loc": {
          "start": {
            "line": 6,
            "column": 2
          },
          "end": {
            "line": 8,
            "column": 3
          }
        },
        "type": "if",
        "locations": [
          {
            "start": {
              "line": 6,
              "column": 2
            },
            "end": {
              "line": 8,
              "column": 3
            }
          },
          {
            "start": {},
            "end": {}
          }
        ],
        "line": 6
      },
      "2": {
        "loc": {
          "start": {
            "line": 47,
            "column": 0
          },
          "end": {
            "line": 63,
            "column": 1
          }
        },
        "type": "if",
        "locations": [
          {
            "start": {
              "line": 47,
              "column": 0
            },
            "end": {
              "line": 63,
              "column": 1
            }
          },
          {
            "start": {},
            "end": {}
          }
        ],
        "line": 47
      },
      "3": {
        "loc": {
          "start": {
            "line": 56,
            "column": 6
          },
          "end": {
            "line": 57,
            "column": 15
          }
        },
        "type": "if",
        "locations": [
          {
            "start": {
              "line": 56,
              "column": 6
            },
            "end": {
              "line": 57,
              "column": 15
            }
          },
          {
            "start": {},
            "end": {}
          }
        ],
        "line": 56
      },
      "4": {
        "loc": {
          "start": {
            "line": 59,
            "column": 6
          },
          "end": {
            "line": 60,
            "column": 54
          }
        },
        "type": "if",
        "locations": [
          {
            "start": {
              "line": 59,
              "column": 6
            },
            "end": {
              "line": 60,
              "column": 54
            }
          },
          {
            "start": {},
            "end": {}
          }
        ],
        "line": 59
      }
    },
    "s": {
      "0": 4,
      "1": 4,
      "2": 0,
      "3": 4,
      "4": 4,
      "5": 4,
      "6": 4,
      "7": 4,
      "8": 4,
      "9": 4,
      "10": 4,
      "11": 4,
      "12": 4,
      "13": 4,
      "14": 4,
      "15": 4,
      "16": 2,
      "17": 2,
      "18": 0,
      "19": 0,
      "20": 0,
      "21": 0,
      "22": 0
    },
    "f": {
      "0": 4,
      "1": 4,
      "2": 2,
      "3": 0
    },
    "b": {
      "0": [
        4,
        0
      ],
      "1": [
        0,
        4
      ],
      "2": [
        4,
        0
      ],
      "3": [
        0,
        0
      ],
      "4": [
        0,
        0
      ]
    },
    "inputSourceMap": {
      "version": 3,
      "mappings": "AAGM;AAHN,OAAO,oBAAoB;AAAA;AAAA;AAAA;AAAA;AAAA;AAAA;AAAA;AAAA;AAAA;AAAA;AAAA;AAAA;AAAA;AAAA;AACzB,SACE,uBAAC,SAAI,WAAU,eACb;AAAA,2BAAC,QAAG,qBAAJ;AAAA;AAAA;AAAA;AAAA,WAAS;AAAA,IACT,uBAAC,SAAG,oPAAJ;AAAA;AAAA;AAAA;AAAA,WAIA;AAAA,IACA,uBAAC,QAAG,2BAAJ;AAAA;AAAA;AAAA;AAAA,WAAe;AAAA,IACf,uBAAC,SAAG,4PAAJ;AAAA;AAAA;AAAA;AAAA,WAIA;AAAA,OAZF;AAAA;AAAA;AAAA;AAAA,SAaA;AAEJ;AAAEA,KAjBWC;AAAK;AAAAC",
      "names": [
        "_c",
        "About",
        "$RefreshReg$"
      ],
      "sources": [
        "D:/Проекты/react/Копия работы/react-task/vite-project/src/pages/About.tsx"
      ],
      "file": "D:/Проекты/react/Копия работы/react-task/vite-project/src/pages/About.tsx"
    },
    "_coverageSchema": "1a1c01bbd47fc00a2c39e90264f33305004495a9",
    "hash": "737c84dedcf91da57942a15615fe4f19006c1c64"
  },
  "D:/Проекты/react/Копия работы/react-task/vite-project/src/components/UI/MyLink.tsx": {
    "path": "D:/Проекты/react/Копия работы/react-task/vite-project/src/components/UI/MyLink.tsx",
    "statementMap": {
      "0": {
        "start": {
          "line": 5,
          "column": 0
        },
        "end": {
          "line": 15,
          "column": 1
        }
      },
      "1": {
        "start": {
          "line": 6,
          "column": 2
        },
        "end": {
          "line": 8,
          "column": 3
        }
      },
      "2": {
        "start": {
          "line": 7,
          "column": 4
        },
        "end": {
          "line": 7,
          "column": 165
        }
      },
      "3": {
        "start": {
          "line": 9,
          "column": 2
        },
        "end": {
          "line": 9,
          "column": 39
        }
      },
      "4": {
        "start": {
          "line": 10,
          "column": 2
        },
        "end": {
          "line": 10,
          "column": 39
        }
      },
      "5": {
        "start": {
          "line": 11,
          "column": 2
        },
        "end": {
          "line": 13,
          "column": 4
        }
      },
      "6": {
        "start": {
          "line": 12,
          "column": 4
        },
        "end": {
          "line": 12,
          "column": 126
        }
      },
      "7": {
        "start": {
          "line": 14,
          "column": 2
        },
        "end": {
          "line": 14,
          "column": 75
        }
      },
      "8": {
        "start": {
          "line": 17,
          "column": 22
        },
        "end": {
          "line": 26,
          "column": 1
        }
      },
      "9": {
        "start": {
          "line": 21,
          "column": 2
        },
        "end": {
          "line": 25,
          "column": 11
        }
      },
      "10": {
        "start": {
          "line": 27,
          "column": 0
        },
        "end": {
          "line": 27,
          "column": 12
        }
      },
      "11": {
        "start": {
          "line": 29,
          "column": 0
        },
        "end": {
          "line": 29,
          "column": 27
        }
      },
      "12": {
        "start": {
          "line": 30,
          "column": 0
        },
        "end": {
          "line": 46,
          "column": 1
        }
      },
      "13": {
        "start": {
          "line": 31,
          "column": 2
        },
        "end": {
          "line": 31,
          "column": 39
        }
      },
      "14": {
        "start": {
          "line": 32,
          "column": 2
        },
        "end": {
          "line": 32,
          "column": 39
        }
      },
      "15": {
        "start": {
          "line": 33,
          "column": 2
        },
        "end": {
          "line": 45,
          "column": 5
        }
      },
      "16": {
        "start": {
          "line": 37,
          "column": 4
        },
        "end": {
          "line": 37,
          "column": 152
        }
      },
      "17": {
        "start": {
          "line": 38,
          "column": 4
        },
        "end": {
          "line": 44,
          "column": 7
        }
      },
      "18": {
        "start": {
          "line": 39,
          "column": 6
        },
        "end": {
          "line": 40,
          "column": 15
        }
      },
      "19": {
        "start": {
          "line": 40,
          "column": 8
        },
        "end": {
          "line": 40,
          "column": 15
        }
      },
      "20": {
        "start": {
          "line": 41,
          "column": 32
        },
        "end": {
          "line": 41,
          "column": 115
        }
      },
      "21": {
        "start": {
          "line": 42,
          "column": 6
        },
        "end": {
          "line": 43,
          "column": 54
        }
      },
      "22": {
        "start": {
          "line": 43,
          "column": 8
        },
        "end": {
          "line": 43,
          "column": 54
        }
      }
    },
    "fnMap": {
      "0": {
        "name": "(anonymous_0)",
        "decl": {
          "start": {
            "line": 11,
            "column": 24
          },
          "end": {
            "line": 11,
            "column": 25
          }
        },
        "loc": {
          "start": {
            "line": 11,
            "column": 38
          },
          "end": {
            "line": 13,
            "column": 3
          }
        },
        "line": 11
      },
      "1": {
        "name": "(anonymous_1)",
        "decl": {
          "start": {
            "line": 17,
            "column": 22
          },
          "end": {
            "line": 17,
            "column": 23
          }
        },
        "loc": {
          "start": {
            "line": 20,
            "column": 6
          },
          "end": {
            "line": 26,
            "column": 1
          }
        },
        "line": 20
      },
      "2": {
        "name": "(anonymous_2)",
        "decl": {
          "start": {
            "line": 36,
            "column": 9
          },
          "end": {
            "line": 36,
            "column": 10
          }
        },
        "loc": {
          "start": {
            "line": 36,
            "column": 29
          },
          "end": {
            "line": 45,
            "column": 3
          }
        },
        "line": 36
      },
      "3": {
        "name": "(anonymous_3)",
        "decl": {
          "start": {
            "line": 38,
            "column": 27
          },
          "end": {
            "line": 38,
            "column": 28
          }
        },
        "loc": {
          "start": {
            "line": 38,
            "column": 44
          },
          "end": {
            "line": 44,
            "column": 5
          }
        },
        "line": 38
      }
    },
    "branchMap": {
      "0": {
        "loc": {
          "start": {
            "line": 5,
            "column": 0
          },
          "end": {
            "line": 15,
            "column": 1
          }
        },
        "type": "if",
        "locations": [
          {
            "start": {
              "line": 5,
              "column": 0
            },
            "end": {
              "line": 15,
              "column": 1
            }
          },
          {
            "start": {},
            "end": {}
          }
        ],
        "line": 5
      },
      "1": {
        "loc": {
          "start": {
            "line": 6,
            "column": 2
          },
          "end": {
            "line": 8,
            "column": 3
          }
        },
        "type": "if",
        "locations": [
          {
            "start": {
              "line": 6,
              "column": 2
            },
            "end": {
              "line": 8,
              "column": 3
            }
          },
          {
            "start": {},
            "end": {}
          }
        ],
        "line": 6
      },
      "2": {
        "loc": {
          "start": {
            "line": 30,
            "column": 0
          },
          "end": {
            "line": 46,
            "column": 1
          }
        },
        "type": "if",
        "locations": [
          {
            "start": {
              "line": 30,
              "column": 0
            },
            "end": {
              "line": 46,
              "column": 1
            }
          },
          {
            "start": {},
            "end": {}
          }
        ],
        "line": 30
      },
      "3": {
        "loc": {
          "start": {
            "line": 39,
            "column": 6
          },
          "end": {
            "line": 40,
            "column": 15
          }
        },
        "type": "if",
        "locations": [
          {
            "start": {
              "line": 39,
              "column": 6
            },
            "end": {
              "line": 40,
              "column": 15
            }
          },
          {
            "start": {},
            "end": {}
          }
        ],
        "line": 39
      },
      "4": {
        "loc": {
          "start": {
            "line": 42,
            "column": 6
          },
          "end": {
            "line": 43,
            "column": 54
          }
        },
        "type": "if",
        "locations": [
          {
            "start": {
              "line": 42,
              "column": 6
            },
            "end": {
              "line": 43,
              "column": 54
            }
          },
          {
            "start": {},
            "end": {}
          }
        ],
        "line": 42
      }
    },
    "s": {
      "0": 4,
      "1": 4,
      "2": 0,
      "3": 4,
      "4": 4,
      "5": 4,
      "6": 4,
      "7": 4,
      "8": 4,
      "9": 30,
      "10": 4,
      "11": 4,
      "12": 4,
      "13": 4,
      "14": 4,
      "15": 4,
      "16": 2,
      "17": 2,
      "18": 0,
      "19": 0,
      "20": 0,
      "21": 0,
      "22": 0
    },
    "f": {
      "0": 4,
      "1": 30,
      "2": 2,
      "3": 0
    },
    "b": {
      "0": [
        4,
        0
      ],
      "1": [
        0,
        4
      ],
      "2": [
        4,
        0
      ],
      "3": [
        0,
        0
      ],
      "4": [
        0,
        0
      ]
    },
    "inputSourceMap": {
      "version": 3,
      "mappings": "AASI;AATJ,2BAAwB;AAAkB;AAAA;AAAA;AAAA;AAAA;AAAA;AAAA;AAAA;AAAA;AAAA;AAAA;AAAA;AAAA;AAAA;AAOnC,aAAMA,SAASA,CAAC;AAAA,EAAEC;AAAAA,EAAIC;AAAiB,MAAM;AAClD,SACE,uBAAC,WAAQ,IAAQ,WAAU,UACxBA,YADH;AAAA;AAAA;AAAA;AAAA,SAEA;AAEJ;AAAEC,KANWH;AAAM;AAAAI",
      "names": [
        "MyLink",
        "to",
        "children",
        "_c",
        "$RefreshReg$"
      ],
      "sources": [
        "D:/Проекты/react/Копия работы/react-task/vite-project/src/components/UI/MyLink.tsx"
      ],
      "file": "D:/Проекты/react/Копия работы/react-task/vite-project/src/components/UI/MyLink.tsx"
    },
    "_coverageSchema": "1a1c01bbd47fc00a2c39e90264f33305004495a9",
    "hash": "8ffee009e696bd27456d69ca556f59093a2bdc85"
  },
  "D:/Проекты/react/Копия работы/react-task/vite-project/src/data/text.ts": {
    "path": "D:/Проекты/react/Копия работы/react-task/vite-project/src/data/text.ts",
    "statementMap": {
      "0": {
        "start": {
          "line": 1,
          "column": 20
        },
        "end": {
          "line": 28,
          "column": 1
        }
      }
    },
    "fnMap": {},
    "branchMap": {},
    "s": {
      "0": 4
    },
    "f": {},
    "b": {},
    "inputSourceMap": {
      "version": 3,
      "sources": [
        "D:/Проекты/react/Копия работы/react-task/vite-project/src/data/text.ts"
      ],
      "mappings": "AAAO,aAAM,OAAO;AAAA,EAClB,MAAM;AAAA,IACJ,QAAQ;AAAA,IACR,OAAO;AAAA,IACP,MAAM;AAAA,IACN,MAAM;AAAA,IACN,MAAM;AAAA,EACR;AAAA,EACA,QAAQ;AAAA,IACN,SAAS;AAAA,IACT,OAAO;AAAA,IACP,SAAS;AAAA,IACT,WAAW;AAAA,IACX,SAAS;AAAA,EACX;AAAA,EACA,MAAM;AAAA,IACJ,MAAM;AAAA,IACN,MAAM;AAAA,IACN,QAAQ;AAAA,IACR,UAAU;AAAA,EACZ;AAAA,EACA,OAAO;AAAA,IACL,OAAO;AAAA,IACP,OAAO;AAAA,IACP,MAAM;AAAA,IACN,SAAS;AAAA,EACX;AACF;",
      "names": []
    },
    "_coverageSchema": "1a1c01bbd47fc00a2c39e90264f33305004495a9",
    "hash": "b40bcba452d6f17b29ada8de2e9116a57535a8ca"
  },
  "D:/Проекты/react/Копия работы/react-task/vite-project/src/components/UI/NotFound.tsx": {
    "path": "D:/Проекты/react/Копия работы/react-task/vite-project/src/components/UI/NotFound.tsx",
    "statementMap": {
      "0": {
        "start": {
          "line": 5,
          "column": 0
        },
        "end": {
          "line": 15,
          "column": 1
        }
      },
      "1": {
        "start": {
          "line": 6,
          "column": 2
        },
        "end": {
          "line": 8,
          "column": 3
        }
      },
      "2": {
        "start": {
          "line": 7,
          "column": 4
        },
        "end": {
          "line": 7,
          "column": 165
        }
      },
      "3": {
        "start": {
          "line": 9,
          "column": 2
        },
        "end": {
          "line": 9,
          "column": 39
        }
      },
      "4": {
        "start": {
          "line": 10,
          "column": 2
        },
        "end": {
          "line": 10,
          "column": 39
        }
      },
      "5": {
        "start": {
          "line": 11,
          "column": 2
        },
        "end": {
          "line": 13,
          "column": 4
        }
      },
      "6": {
        "start": {
          "line": 12,
          "column": 4
        },
        "end": {
          "line": 12,
          "column": 128
        }
      },
      "7": {
        "start": {
          "line": 14,
          "column": 2
        },
        "end": {
          "line": 14,
          "column": 75
        }
      },
      "8": {
        "start": {
          "line": 17,
          "column": 24
        },
        "end": {
          "line": 23,
          "column": 1
        }
      },
      "9": {
        "start": {
          "line": 18,
          "column": 2
        },
        "end": {
          "line": 22,
          "column": 11
        }
      },
      "10": {
        "start": {
          "line": 24,
          "column": 0
        },
        "end": {
          "line": 24,
          "column": 14
        }
      },
      "11": {
        "start": {
          "line": 26,
          "column": 0
        },
        "end": {
          "line": 26,
          "column": 29
        }
      },
      "12": {
        "start": {
          "line": 27,
          "column": 0
        },
        "end": {
          "line": 43,
          "column": 1
        }
      },
      "13": {
        "start": {
          "line": 28,
          "column": 2
        },
        "end": {
          "line": 28,
          "column": 39
        }
      },
      "14": {
        "start": {
          "line": 29,
          "column": 2
        },
        "end": {
          "line": 29,
          "column": 39
        }
      },
      "15": {
        "start": {
          "line": 30,
          "column": 2
        },
        "end": {
          "line": 42,
          "column": 5
        }
      },
      "16": {
        "start": {
          "line": 34,
          "column": 4
        },
        "end": {
          "line": 34,
          "column": 154
        }
      },
      "17": {
        "start": {
          "line": 35,
          "column": 4
        },
        "end": {
          "line": 41,
          "column": 7
        }
      },
      "18": {
        "start": {
          "line": 36,
          "column": 6
        },
        "end": {
          "line": 37,
          "column": 15
        }
      },
      "19": {
        "start": {
          "line": 37,
          "column": 8
        },
        "end": {
          "line": 37,
          "column": 15
        }
      },
      "20": {
        "start": {
          "line": 38,
          "column": 32
        },
        "end": {
          "line": 38,
          "column": 115
        }
      },
      "21": {
        "start": {
          "line": 39,
          "column": 6
        },
        "end": {
          "line": 40,
          "column": 54
        }
      },
      "22": {
        "start": {
          "line": 40,
          "column": 8
        },
        "end": {
          "line": 40,
          "column": 54
        }
      }
    },
    "fnMap": {
      "0": {
        "name": "(anonymous_0)",
        "decl": {
          "start": {
            "line": 11,
            "column": 24
          },
          "end": {
            "line": 11,
            "column": 25
          }
        },
        "loc": {
          "start": {
            "line": 11,
            "column": 38
          },
          "end": {
            "line": 13,
            "column": 3
          }
        },
        "line": 11
      },
      "1": {
        "name": "(anonymous_1)",
        "decl": {
          "start": {
            "line": 17,
            "column": 24
          },
          "end": {
            "line": 17,
            "column": 25
          }
        },
        "loc": {
          "start": {
            "line": 17,
            "column": 30
          },
          "end": {
            "line": 23,
            "column": 1
          }
        },
        "line": 17
      },
      "2": {
        "name": "(anonymous_2)",
        "decl": {
          "start": {
            "line": 33,
            "column": 9
          },
          "end": {
            "line": 33,
            "column": 10
          }
        },
        "loc": {
          "start": {
            "line": 33,
            "column": 29
          },
          "end": {
            "line": 42,
            "column": 3
          }
        },
        "line": 33
      },
      "3": {
        "name": "(anonymous_3)",
        "decl": {
          "start": {
            "line": 35,
            "column": 27
          },
          "end": {
            "line": 35,
            "column": 28
          }
        },
        "loc": {
          "start": {
            "line": 35,
            "column": 44
          },
          "end": {
            "line": 41,
            "column": 5
          }
        },
        "line": 35
      }
    },
    "branchMap": {
      "0": {
        "loc": {
          "start": {
            "line": 5,
            "column": 0
          },
          "end": {
            "line": 15,
            "column": 1
          }
        },
        "type": "if",
        "locations": [
          {
            "start": {
              "line": 5,
              "column": 0
            },
            "end": {
              "line": 15,
              "column": 1
            }
          },
          {
            "start": {},
            "end": {}
          }
        ],
        "line": 5
      },
      "1": {
        "loc": {
          "start": {
            "line": 6,
            "column": 2
          },
          "end": {
            "line": 8,
            "column": 3
          }
        },
        "type": "if",
        "locations": [
          {
            "start": {
              "line": 6,
              "column": 2
            },
            "end": {
              "line": 8,
              "column": 3
            }
          },
          {
            "start": {},
            "end": {}
          }
        ],
        "line": 6
      },
      "2": {
        "loc": {
          "start": {
            "line": 27,
            "column": 0
          },
          "end": {
            "line": 43,
            "column": 1
          }
        },
        "type": "if",
        "locations": [
          {
            "start": {
              "line": 27,
              "column": 0
            },
            "end": {
              "line": 43,
              "column": 1
            }
          },
          {
            "start": {},
            "end": {}
          }
        ],
        "line": 27
      },
      "3": {
        "loc": {
          "start": {
            "line": 36,
            "column": 6
          },
          "end": {
            "line": 37,
            "column": 15
          }
        },
        "type": "if",
        "locations": [
          {
            "start": {
              "line": 36,
              "column": 6
            },
            "end": {
              "line": 37,
              "column": 15
            }
          },
          {
            "start": {},
            "end": {}
          }
        ],
        "line": 36
      },
      "4": {
        "loc": {
          "start": {
            "line": 39,
            "column": 6
          },
          "end": {
            "line": 40,
            "column": 54
          }
        },
        "type": "if",
        "locations": [
          {
            "start": {
              "line": 39,
              "column": 6
            },
            "end": {
              "line": 40,
              "column": 54
            }
          },
          {
            "start": {},
            "end": {}
          }
        ],
        "line": 39
      }
    },
    "s": {
      "0": 4,
      "1": 4,
      "2": 0,
      "3": 4,
      "4": 4,
      "5": 4,
      "6": 4,
      "7": 4,
      "8": 4,
      "9": 14,
      "10": 4,
      "11": 4,
      "12": 4,
      "13": 4,
      "14": 4,
      "15": 4,
      "16": 2,
      "17": 2,
      "18": 0,
      "19": 0,
      "20": 0,
      "21": 0,
      "22": 0
    },
    "f": {
      "0": 4,
      "1": 14,
      "2": 2,
      "3": 0
    },
    "b": {
      "0": [
        4,
        0
      ],
      "1": [
        0,
        4
      ],
      "2": [
        4,
        0
      ],
      "3": [
        0,
        0
      ],
      "4": [
        0,
        0
      ]
    },
    "inputSourceMap": {
      "version": 3,
      "mappings": "AAGS;AAHT,2BAAqB;AAAiB;AAAA;AAAA;AAAA;AAAA;AAAA;AAAA;AAAA;AAAA;AAAA;AAAA;AAAA;AAAA;AAAA;AAE/B,aAAMA,WAAWA,MAAM;AAC5B,SAAO,uBAAC,SAAKC,eAAKC,OAAOC,aAAlB;AAAA;AAAA;AAAA;AAAA,SAA4B;AACrC;AAAEC,KAFWJ;AAAQ;AAAAK",
      "names": [
        "NotFound",
        "TEXT",
        "ERRORS",
        "NOT_FOUND",
        "_c",
        "$RefreshReg$"
      ],
      "sources": [
        "D:/Проекты/react/Копия работы/react-task/vite-project/src/components/UI/NotFound.tsx"
      ],
      "file": "D:/Проекты/react/Копия работы/react-task/vite-project/src/components/UI/NotFound.tsx"
    },
    "_coverageSchema": "1a1c01bbd47fc00a2c39e90264f33305004495a9",
    "hash": "56695397c1a24b0e9512654908583e3e0bca33ad"
  },
  "D:/Проекты/react/Копия работы/react-task/vite-project/src/components/UI/button/MyButton.tsx": {
    "path": "D:/Проекты/react/Копия работы/react-task/vite-project/src/components/UI/button/MyButton.tsx",
    "statementMap": {
      "0": {
        "start": {
          "line": 5,
          "column": 0
        },
        "end": {
          "line": 15,
          "column": 1
        }
      },
      "1": {
        "start": {
          "line": 6,
          "column": 2
        },
        "end": {
          "line": 8,
          "column": 3
        }
      },
      "2": {
        "start": {
          "line": 7,
          "column": 4
        },
        "end": {
          "line": 7,
          "column": 165
        }
      },
      "3": {
        "start": {
          "line": 9,
          "column": 2
        },
        "end": {
          "line": 9,
          "column": 39
        }
      },
      "4": {
        "start": {
          "line": 10,
          "column": 2
        },
        "end": {
          "line": 10,
          "column": 39
        }
      },
      "5": {
        "start": {
          "line": 11,
          "column": 2
        },
        "end": {
          "line": 13,
          "column": 4
        }
      },
      "6": {
        "start": {
          "line": 12,
          "column": 4
        },
        "end": {
          "line": 12,
          "column": 135
        }
      },
      "7": {
        "start": {
          "line": 14,
          "column": 2
        },
        "end": {
          "line": 14,
          "column": 75
        }
      },
      "8": {
        "start": {
          "line": 17,
          "column": 24
        },
        "end": {
          "line": 26,
          "column": 1
        }
      },
      "9": {
        "start": {
          "line": 21,
          "column": 2
        },
        "end": {
          "line": 25,
          "column": 11
        }
      },
      "10": {
        "start": {
          "line": 27,
          "column": 0
        },
        "end": {
          "line": 27,
          "column": 14
        }
      },
      "11": {
        "start": {
          "line": 29,
          "column": 0
        },
        "end": {
          "line": 29,
          "column": 29
        }
      },
      "12": {
        "start": {
          "line": 30,
          "column": 0
        },
        "end": {
          "line": 46,
          "column": 1
        }
      },
      "13": {
        "start": {
          "line": 31,
          "column": 2
        },
        "end": {
          "line": 31,
          "column": 39
        }
      },
      "14": {
        "start": {
          "line": 32,
          "column": 2
        },
        "end": {
          "line": 32,
          "column": 39
        }
      },
      "15": {
        "start": {
          "line": 33,
          "column": 2
        },
        "end": {
          "line": 45,
          "column": 5
        }
      },
      "16": {
        "start": {
          "line": 37,
          "column": 4
        },
        "end": {
          "line": 37,
          "column": 161
        }
      },
      "17": {
        "start": {
          "line": 38,
          "column": 4
        },
        "end": {
          "line": 44,
          "column": 7
        }
      },
      "18": {
        "start": {
          "line": 39,
          "column": 6
        },
        "end": {
          "line": 40,
          "column": 15
        }
      },
      "19": {
        "start": {
          "line": 40,
          "column": 8
        },
        "end": {
          "line": 40,
          "column": 15
        }
      },
      "20": {
        "start": {
          "line": 41,
          "column": 32
        },
        "end": {
          "line": 41,
          "column": 115
        }
      },
      "21": {
        "start": {
          "line": 42,
          "column": 6
        },
        "end": {
          "line": 43,
          "column": 54
        }
      },
      "22": {
        "start": {
          "line": 43,
          "column": 8
        },
        "end": {
          "line": 43,
          "column": 54
        }
      }
    },
    "fnMap": {
      "0": {
        "name": "(anonymous_0)",
        "decl": {
          "start": {
            "line": 11,
            "column": 24
          },
          "end": {
            "line": 11,
            "column": 25
          }
        },
        "loc": {
          "start": {
            "line": 11,
            "column": 38
          },
          "end": {
            "line": 13,
            "column": 3
          }
        },
        "line": 11
      },
      "1": {
        "name": "(anonymous_1)",
        "decl": {
          "start": {
            "line": 17,
            "column": 24
          },
          "end": {
            "line": 17,
            "column": 25
          }
        },
        "loc": {
          "start": {
            "line": 20,
            "column": 6
          },
          "end": {
            "line": 26,
            "column": 1
          }
        },
        "line": 20
      },
      "2": {
        "name": "(anonymous_2)",
        "decl": {
          "start": {
            "line": 36,
            "column": 9
          },
          "end": {
            "line": 36,
            "column": 10
          }
        },
        "loc": {
          "start": {
            "line": 36,
            "column": 29
          },
          "end": {
            "line": 45,
            "column": 3
          }
        },
        "line": 36
      },
      "3": {
        "name": "(anonymous_3)",
        "decl": {
          "start": {
            "line": 38,
            "column": 27
          },
          "end": {
            "line": 38,
            "column": 28
          }
        },
        "loc": {
          "start": {
            "line": 38,
            "column": 44
          },
          "end": {
            "line": 44,
            "column": 5
          }
        },
        "line": 38
      }
    },
    "branchMap": {
      "0": {
        "loc": {
          "start": {
            "line": 5,
            "column": 0
          },
          "end": {
            "line": 15,
            "column": 1
          }
        },
        "type": "if",
        "locations": [
          {
            "start": {
              "line": 5,
              "column": 0
            },
            "end": {
              "line": 15,
              "column": 1
            }
          },
          {
            "start": {},
            "end": {}
          }
        ],
        "line": 5
      },
      "1": {
        "loc": {
          "start": {
            "line": 6,
            "column": 2
          },
          "end": {
            "line": 8,
            "column": 3
          }
        },
        "type": "if",
        "locations": [
          {
            "start": {
              "line": 6,
              "column": 2
            },
            "end": {
              "line": 8,
              "column": 3
            }
          },
          {
            "start": {},
            "end": {}
          }
        ],
        "line": 6
      },
      "2": {
        "loc": {
          "start": {
            "line": 30,
            "column": 0
          },
          "end": {
            "line": 46,
            "column": 1
          }
        },
        "type": "if",
        "locations": [
          {
            "start": {
              "line": 30,
              "column": 0
            },
            "end": {
              "line": 46,
              "column": 1
            }
          },
          {
            "start": {},
            "end": {}
          }
        ],
        "line": 30
      },
      "3": {
        "loc": {
          "start": {
            "line": 39,
            "column": 6
          },
          "end": {
            "line": 40,
            "column": 15
          }
        },
        "type": "if",
        "locations": [
          {
            "start": {
              "line": 39,
              "column": 6
            },
            "end": {
              "line": 40,
              "column": 15
            }
          },
          {
            "start": {},
            "end": {}
          }
        ],
        "line": 39
      },
      "4": {
        "loc": {
          "start": {
            "line": 42,
            "column": 6
          },
          "end": {
            "line": 43,
            "column": 54
          }
        },
        "type": "if",
        "locations": [
          {
            "start": {
              "line": 42,
              "column": 6
            },
            "end": {
              "line": 43,
              "column": 54
            }
          },
          {
            "start": {},
            "end": {}
          }
        ],
        "line": 42
      }
    },
    "s": {
      "0": 4,
      "1": 4,
      "2": 0,
      "3": 4,
      "4": 4,
      "5": 4,
      "6": 4,
      "7": 4,
      "8": 4,
      "9": 20,
      "10": 4,
      "11": 4,
      "12": 4,
      "13": 4,
      "14": 4,
      "15": 4,
      "16": 2,
      "17": 2,
      "18": 0,
      "19": 0,
      "20": 0,
      "21": 0,
      "22": 0
    },
    "f": {
      "0": 4,
      "1": 20,
      "2": 2,
      "3": 0
    },
    "b": {
      "0": [
        4,
        0
      ],
      "1": [
        0,
        4
      ],
      "2": [
        4,
        0
      ],
      "3": [
        0,
        0
      ],
      "4": [
        0,
        0
      ]
    },
    "inputSourceMap": {
      "version": 3,
      "mappings": "AAUI;AAVJ,OAAOA,oBAAkB;AAAA;AAAA;AAAA;AAAA;AAAA;AAAA;AAAA;AAAA;AAAA;AAAA;AAAA;AAAA;AAAA;AACzB,OAAOC,aAAa;AAOb,aAAMC,WAAWA,CAAC;AAAA,EAAEC;AAAAA,EAAU,GAAGC;AAAc,MAAM;AAC1D,SACE,uBAAC,YAAO,GAAIA,OAAO,WAAWH,QAAQI,OACnCF,YADH;AAAA;AAAA;AAAA;AAAA,SAEA;AAEJ;AAAEG,KANWJ;AAAQ;AAAAK",
      "names": [
        "React",
        "classes",
        "MyButton",
        "children",
        "props",
        "myBtn",
        "_c",
        "$RefreshReg$"
      ],
      "sources": [
        "D:/Проекты/react/Копия работы/react-task/vite-project/src/components/UI/button/MyButton.tsx"
      ],
      "file": "D:/Проекты/react/Копия работы/react-task/vite-project/src/components/UI/button/MyButton.tsx"
    },
    "_coverageSchema": "1a1c01bbd47fc00a2c39e90264f33305004495a9",
    "hash": "07250e4c940293e4fbf2bc5d9b3120a0ffc32b0d"
  },
  "D:/Проекты/react/Копия работы/react-task/vite-project/src/components/UI/button/index.ts": {
    "path": "D:/Проекты/react/Копия работы/react-task/vite-project/src/components/UI/button/index.ts",
    "statementMap": {},
    "fnMap": {},
    "branchMap": {},
    "s": {},
    "f": {},
    "b": {},
    "inputSourceMap": {
      "version": 3,
      "sources": [
        "D:/Проекты/react/Копия работы/react-task/vite-project/src/components/UI/button/index.ts"
      ],
      "mappings": "AAAA,yBAAyB;",
      "names": []
    },
    "_coverageSchema": "1a1c01bbd47fc00a2c39e90264f33305004495a9",
    "hash": "2cd5c4178d015169ead7c404a53268fe98b5735e"
  },
  "D:/Проекты/react/Копия работы/react-task/vite-project/src/hooks/useDebounce/useDebounce.ts": {
    "path": "D:/Проекты/react/Копия работы/react-task/vite-project/src/hooks/useDebounce/useDebounce.ts",
    "statementMap": {
      "0": {
        "start": {
          "line": 1,
          "column": 27
        },
        "end": {
          "line": 10,
          "column": 1
        }
      },
      "1": {
        "start": {
          "line": 2,
          "column": 19
        },
        "end": {
          "line": 2,
          "column": 23
        }
      },
      "2": {
        "start": {
          "line": 3,
          "column": 2
        },
        "end": {
          "line": 9,
          "column": 4
        }
      },
      "3": {
        "start": {
          "line": 4,
          "column": 4
        },
        "end": {
          "line": 7,
          "column": 5
        }
      },
      "4": {
        "start": {
          "line": 5,
          "column": 6
        },
        "end": {
          "line": 5,
          "column": 31
        }
      },
      "5": {
        "start": {
          "line": 6,
          "column": 6
        },
        "end": {
          "line": 6,
          "column": 24
        }
      },
      "6": {
        "start": {
          "line": 8,
          "column": 4
        },
        "end": {
          "line": 8,
          "column": 44
        }
      }
    },
    "fnMap": {
      "0": {
        "name": "(anonymous_0)",
        "decl": {
          "start": {
            "line": 1,
            "column": 27
          },
          "end": {
            "line": 1,
            "column": 28
          }
        },
        "loc": {
          "start": {
            "line": 1,
            "column": 37
          },
          "end": {
            "line": 10,
            "column": 1
          }
        },
        "line": 1
      },
      "1": {
        "name": "(anonymous_1)",
        "decl": {
          "start": {
            "line": 3,
            "column": 9
          },
          "end": {
            "line": 3,
            "column": 10
          }
        },
        "loc": {
          "start": {
            "line": 3,
            "column": 23
          },
          "end": {
            "line": 9,
            "column": 3
          }
        },
        "line": 3
      }
    },
    "branchMap": {
      "0": {
        "loc": {
          "start": {
            "line": 4,
            "column": 4
          },
          "end": {
            "line": 7,
            "column": 5
          }
        },
        "type": "if",
        "locations": [
          {
            "start": {
              "line": 4,
              "column": 4
            },
            "end": {
              "line": 7,
              "column": 5
            }
          },
          {
            "start": {},
            "end": {}
          }
        ],
        "line": 4
      }
    },
    "s": {
      "0": 4,
      "1": 6,
      "2": 6,
      "3": 5,
      "4": 4,
      "5": 4,
      "6": 5
    },
    "f": {
      "0": 6,
      "1": 5
    },
    "b": {
      "0": [
        4,
        1
      ]
    },
    "inputSourceMap": {
      "version": 3,
      "sources": [
        "D:/Проекты/react/Копия работы/react-task/vite-project/src/hooks/useDebounce/useDebounce.ts"
      ],
      "mappings": "AAAO,aAAM,cAAc,CAAC,SAAyC;AACnE,MAAI,aAAoC;AACxC,SAAO,SAAU,KAAa;AAC5B,QAAI,YAAY;AACd,mBAAa,UAAU;AACvB,mBAAa;AAAA,IACf;AACA,iBAAa,WAAW,MAAM,KAAK,GAAG;AAAA,EACxC;AACF;",
      "names": []
    },
    "_coverageSchema": "1a1c01bbd47fc00a2c39e90264f33305004495a9",
    "hash": "97aea52e5e937d50b4cffe966e2547c06e83aee7"
  },
  "D:/Проекты/react/Копия работы/react-task/vite-project/src/hooks/index.ts": {
    "path": "D:/Проекты/react/Копия работы/react-task/vite-project/src/hooks/index.ts",
    "statementMap": {},
    "fnMap": {},
    "branchMap": {},
    "s": {},
    "f": {},
    "b": {},
    "inputSourceMap": {
      "version": 3,
      "sources": [
        "D:/Проекты/react/Копия работы/react-task/vite-project/src/hooks/index.ts"
      ],
      "mappings": "AAAA,4BAA4B;",
      "names": []
    },
    "_coverageSchema": "1a1c01bbd47fc00a2c39e90264f33305004495a9",
    "hash": "f86f83e31c2531f2163079216b73cefe9ab02461"
  },
  "D:/Проекты/react/Копия работы/react-task/vite-project/src/API/Unsplash.ts": {
    "path": "D:/Проекты/react/Копия работы/react-task/vite-project/src/API/Unsplash.ts",
    "statementMap": {
      "0": {
        "start": {
          "line": 2,
          "column": 13
        },
        "end": {
          "line": 2,
          "column": 58
        }
      },
      "1": {
        "start": {
          "line": 3,
          "column": 14
        },
        "end": {
          "line": 3,
          "column": 98
        }
      },
      "2": {
        "start": {
          "line": 4,
          "column": 17
        },
        "end": {
          "line": 4,
          "column": 33
        }
      },
      "3": {
        "start": {
          "line": 5,
          "column": 2
        },
        "end": {
          "line": 5,
          "column": 24
        }
      }
    },
    "fnMap": {
      "0": {
        "name": "(anonymous_0)",
        "decl": {
          "start": {
            "line": 1,
            "column": 15
          },
          "end": {
            "line": 1,
            "column": 16
          }
        },
        "loc": {
          "start": {
            "line": 1,
            "column": 32
          },
          "end": {
            "line": 6,
            "column": 1
          }
        },
        "line": 1
      }
    },
    "branchMap": {},
    "s": {
      "0": 5,
      "1": 5,
      "2": 3,
      "3": 3
    },
    "f": {
      "0": 5
    },
    "b": {},
    "inputSourceMap": {
      "version": 3,
      "sources": [
        "D:/Проекты/react/Копия работы/react-task/vite-project/src/API/Unsplash.ts"
      ],
      "mappings": "AAQA,eAAe,OAAO,UAAkB;AACtC,QAAM,KAAK;AACX,QAAM,MAAM,MAAM,MAAM,gDAAgD,mBAAmB,IAAI;AAC/F,QAAM,SAAkB,MAAM,IAAI,KAAK;AACvC,SAAO,OAAO;AAChB;",
      "names": []
    },
    "_coverageSchema": "1a1c01bbd47fc00a2c39e90264f33305004495a9",
    "hash": "9183f6db12887ab1517c6becad6c74f012398748"
  },
  "D:/Проекты/react/Копия работы/react-task/vite-project/src/store/cardSlice.ts": {
    "path": "D:/Проекты/react/Копия работы/react-task/vite-project/src/store/cardSlice.ts",
    "statementMap": {
      "0": {
        "start": {
          "line": 3,
          "column": 21
        },
        "end": {
          "line": 10,
          "column": 1
        }
      },
      "1": {
        "start": {
          "line": 11,
          "column": 26
        },
        "end": {
          "line": 14,
          "column": 2
        }
      },
      "2": {
        "start": {
          "line": 12,
          "column": 14
        },
        "end": {
          "line": 12,
          "column": 35
        }
      },
      "3": {
        "start": {
          "line": 13,
          "column": 2
        },
        "end": {
          "line": 13,
          "column": 13
        }
      },
      "4": {
        "start": {
          "line": 15,
          "column": 18
        },
        "end": {
          "line": 40,
          "column": 2
        }
      },
      "5": {
        "start": {
          "line": 20,
          "column": 6
        },
        "end": {
          "line": 20,
          "column": 36
        }
      },
      "6": {
        "start": {
          "line": 23,
          "column": 6
        },
        "end": {
          "line": 23,
          "column": 35
        }
      },
      "7": {
        "start": {
          "line": 26,
          "column": 6
        },
        "end": {
          "line": 26,
          "column": 39
        }
      },
      "8": {
        "start": {
          "line": 30,
          "column": 4
        },
        "end": {
          "line": 38,
          "column": 7
        }
      },
      "9": {
        "start": {
          "line": 31,
          "column": 6
        },
        "end": {
          "line": 31,
          "column": 29
        }
      },
      "10": {
        "start": {
          "line": 33,
          "column": 6
        },
        "end": {
          "line": 33,
          "column": 30
        }
      },
      "11": {
        "start": {
          "line": 34,
          "column": 6
        },
        "end": {
          "line": 34,
          "column": 35
        }
      },
      "12": {
        "start": {
          "line": 36,
          "column": 6
        },
        "end": {
          "line": 36,
          "column": 30
        }
      },
      "13": {
        "start": {
          "line": 37,
          "column": 6
        },
        "end": {
          "line": 37,
          "column": 35
        }
      },
      "14": {
        "start": {
          "line": 42,
          "column": 2
        },
        "end": {
          "line": 42,
          "column": 42
        }
      },
      "15": {
        "start": {
          "line": 44,
          "column": 51
        },
        "end": {
          "line": 44,
          "column": 68
        }
      }
    },
    "fnMap": {
      "0": {
        "name": "(anonymous_0)",
        "decl": {
          "start": {
            "line": 11,
            "column": 63
          },
          "end": {
            "line": 11,
            "column": 64
          }
        },
        "loc": {
          "start": {
            "line": 11,
            "column": 80
          },
          "end": {
            "line": 14,
            "column": 1
          }
        },
        "line": 11
      },
      "1": {
        "name": "(anonymous_1)",
        "decl": {
          "start": {
            "line": 19,
            "column": 4
          },
          "end": {
            "line": 19,
            "column": 5
          }
        },
        "loc": {
          "start": {
            "line": 19,
            "column": 29
          },
          "end": {
            "line": 21,
            "column": 5
          }
        },
        "line": 19
      },
      "2": {
        "name": "(anonymous_2)",
        "decl": {
          "start": {
            "line": 22,
            "column": 4
          },
          "end": {
            "line": 22,
            "column": 5
          }
        },
        "loc": {
          "start": {
            "line": 22,
            "column": 28
          },
          "end": {
            "line": 24,
            "column": 5
          }
        },
        "line": 22
      },
      "3": {
        "name": "(anonymous_3)",
        "decl": {
          "start": {
            "line": 25,
            "column": 4
          },
          "end": {
            "line": 25,
            "column": 5
          }
        },
        "loc": {
          "start": {
            "line": 25,
            "column": 30
          },
          "end": {
            "line": 27,
            "column": 5
          }
        },
        "line": 25
      },
      "4": {
        "name": "(anonymous_4)",
        "decl": {
          "start": {
            "line": 29,
            "column": 17
          },
          "end": {
            "line": 29,
            "column": 18
          }
        },
        "loc": {
          "start": {
            "line": 29,
            "column": 30
          },
          "end": {
            "line": 39,
            "column": 3
          }
        },
        "line": 29
      },
      "5": {
        "name": "(anonymous_5)",
        "decl": {
          "start": {
            "line": 30,
            "column": 40
          },
          "end": {
            "line": 30,
            "column": 41
          }
        },
        "loc": {
          "start": {
            "line": 30,
            "column": 51
          },
          "end": {
            "line": 32,
            "column": 5
          }
        },
        "line": 30
      },
      "6": {
        "name": "(anonymous_6)",
        "decl": {
          "start": {
            "line": 32,
            "column": 37
          },
          "end": {
            "line": 32,
            "column": 38
          }
        },
        "loc": {
          "start": {
            "line": 32,
            "column": 56
          },
          "end": {
            "line": 35,
            "column": 5
          }
        },
        "line": 32
      },
      "7": {
        "name": "(anonymous_7)",
        "decl": {
          "start": {
            "line": 35,
            "column": 27
          },
          "end": {
            "line": 35,
            "column": 28
          }
        },
        "loc": {
          "start": {
            "line": 35,
            "column": 46
          },
          "end": {
            "line": 38,
            "column": 5
          }
        },
        "line": 35
      },
      "8": {
        "name": "isError",
        "decl": {
          "start": {
            "line": 41,
            "column": 9
          },
          "end": {
            "line": 41,
            "column": 16
          }
        },
        "loc": {
          "start": {
            "line": 41,
            "column": 25
          },
          "end": {
            "line": 43,
            "column": 1
          }
        },
        "line": 41
      }
    },
    "branchMap": {},
    "s": {
      "0": 4,
      "1": 4,
      "2": 5,
      "3": 3,
      "4": 4,
      "5": 1,
      "6": 1,
      "7": 1,
      "8": 4,
      "9": 5,
      "10": 3,
      "11": 3,
      "12": 0,
      "13": 0,
      "14": 23,
      "15": 4
    },
    "f": {
      "0": 5,
      "1": 1,
      "2": 1,
      "3": 1,
      "4": 4,
      "5": 5,
      "6": 3,
      "7": 0,
      "8": 23
    },
    "b": {},
    "inputSourceMap": {
      "version": 3,
      "sources": [
        "D:/Проекты/react/Копия работы/react-task/vite-project/src/store/cardSlice.ts"
      ],
      "mappings": "AAAA,SAAS,aAAa,wBAAkD;AACxE,OAAO,cAAc;AAYrB,MAAM,eAA4B;AAAA,EAChC,QAAQ;AAAA,EACR,OAAO,CAAC;AAAA,EACR,WAAW;AAAA,EACX,OAAO;AAAA,EACP,OAAO;AAAA,EACP,WAAW;AACb;AAEO,aAAM,aAAa,iBAAiB,oBAAoB,OAAO,UAAkB;AACtF,QAAM,MAAM,MAAM,SAAS,KAAK;AAChC,SAAO;AACT,CAAC;AAED,MAAM,YAAY,YAAY;AAAA,EAC5B,MAAM;AAAA,EACN;AAAA,EACA,UAAU;AAAA,IACR,UAAU,OAAO,QAA+B;AAC9C,YAAM,SAAS,OAAO;AAAA,IACxB;AAAA,IACA,SAAS,OAAO,QAA+B;AAC7C,YAAM,QAAQ,OAAO;AAAA,IACvB;AAAA,IACA,WAAW,OAAO,QAAgC;AAChD,YAAM,YAAY,OAAO;AAAA,IAC3B;AAAA,EACF;AAAA,EACA,eAAe,CAAC,YAAY;AAC1B,YACG,QAAQ,WAAW,SAAS,CAAC,UAAU;AACtC,YAAM,YAAY;AAAA,IACpB,CAAC,EACA,QAAQ,WAAW,WAAW,CAAC,OAAO,WAAW;AAChD,YAAM,YAAY;AAClB,YAAM,QAAQ,OAAO;AAAA,IACvB,CAAC,EACA,WAAW,SAAS,CAAC,OAAO,WAAkC;AAC7D,YAAM,YAAY;AAClB,YAAM,QAAQ,OAAO;AAAA,IACvB,CAAC;AAAA,EACL;AACF,CAAC;AAED,SAAS,QAAQ,QAAmB;AAClC,SAAO,OAAO,KAAK,SAAS,UAAU;AACxC;AAEO,aAAM,EAAE,WAAW,UAAU,WAAW,IAAI,UAAU;AAE7D,eAAe,UAAU;",
      "names": []
    },
    "_coverageSchema": "1a1c01bbd47fc00a2c39e90264f33305004495a9",
    "hash": "25da9601acf5fefa235f5a3c2f69cc227b01f797"
  },
  "D:/Проекты/react/Копия работы/react-task/vite-project/src/store/hook.ts": {
    "path": "D:/Проекты/react/Копия работы/react-task/vite-project/src/store/hook.ts",
    "statementMap": {
      "0": {
        "start": {
          "line": 2,
          "column": 30
        },
        "end": {
          "line": 2,
          "column": 49
        }
      },
      "1": {
        "start": {
          "line": 2,
          "column": 36
        },
        "end": {
          "line": 2,
          "column": 49
        }
      },
      "2": {
        "start": {
          "line": 3,
          "column": 30
        },
        "end": {
          "line": 3,
          "column": 41
        }
      }
    },
    "fnMap": {
      "0": {
        "name": "(anonymous_0)",
        "decl": {
          "start": {
            "line": 2,
            "column": 30
          },
          "end": {
            "line": 2,
            "column": 31
          }
        },
        "loc": {
          "start": {
            "line": 2,
            "column": 36
          },
          "end": {
            "line": 2,
            "column": 49
          }
        },
        "line": 2
      }
    },
    "branchMap": {},
    "s": {
      "0": 4,
      "1": 40,
      "2": 4
    },
    "f": {
      "0": 40
    },
    "b": {},
    "inputSourceMap": {
      "version": 3,
      "sources": [
        "D:/Проекты/react/Копия работы/react-task/vite-project/src/store/hook.ts"
      ],
      "mappings": "AAAA,SAAS,aAAa,mBAAyC;AAGxD,aAAM,iBAAiB,MAAM,YAAyB;AACtD,aAAM,iBAAkD;",
      "names": []
    },
    "_coverageSchema": "1a1c01bbd47fc00a2c39e90264f33305004495a9",
    "hash": "a2cef2934bead2009358c72bd44284c5556a3a33"
  },
  "D:/Проекты/react/Копия работы/react-task/vite-project/src/components/UI/input/MyInput.tsx": {
    "path": "D:/Проекты/react/Копия работы/react-task/vite-project/src/components/UI/input/MyInput.tsx",
    "statementMap": {
      "0": {
        "start": {
          "line": 5,
          "column": 0
        },
        "end": {
          "line": 15,
          "column": 1
        }
      },
      "1": {
        "start": {
          "line": 6,
          "column": 2
        },
        "end": {
          "line": 8,
          "column": 3
        }
      },
      "2": {
        "start": {
          "line": 7,
          "column": 4
        },
        "end": {
          "line": 7,
          "column": 165
        }
      },
      "3": {
        "start": {
          "line": 9,
          "column": 2
        },
        "end": {
          "line": 9,
          "column": 39
        }
      },
      "4": {
        "start": {
          "line": 10,
          "column": 2
        },
        "end": {
          "line": 10,
          "column": 39
        }
      },
      "5": {
        "start": {
          "line": 11,
          "column": 2
        },
        "end": {
          "line": 13,
          "column": 4
        }
      },
      "6": {
        "start": {
          "line": 12,
          "column": 4
        },
        "end": {
          "line": 12,
          "column": 133
        }
      },
      "7": {
        "start": {
          "line": 14,
          "column": 2
        },
        "end": {
          "line": 14,
          "column": 75
        }
      },
      "8": {
        "start": {
          "line": 16,
          "column": 9
        },
        "end": {
          "line": 16,
          "column": 23
        }
      },
      "9": {
        "start": {
          "line": 21,
          "column": 23
        },
        "end": {
          "line": 35,
          "column": 1
        }
      },
      "10": {
        "start": {
          "line": 22,
          "column": 2
        },
        "end": {
          "line": 22,
          "column": 7
        }
      },
      "11": {
        "start": {
          "line": 23,
          "column": 17
        },
        "end": {
          "line": 23,
          "column": 62
        }
      },
      "12": {
        "start": {
          "line": 23,
          "column": 43
        },
        "end": {
          "line": 23,
          "column": 61
        }
      },
      "13": {
        "start": {
          "line": 24,
          "column": 19
        },
        "end": {
          "line": 24,
          "column": 35
        }
      },
      "14": {
        "start": {
          "line": 25,
          "column": 23
        },
        "end": {
          "line": 28,
          "column": 3
        }
      },
      "15": {
        "start": {
          "line": 26,
          "column": 4
        },
        "end": {
          "line": 26,
          "column": 29
        }
      },
      "16": {
        "start": {
          "line": 27,
          "column": 4
        },
        "end": {
          "line": 27,
          "column": 30
        }
      },
      "17": {
        "start": {
          "line": 29,
          "column": 31
        },
        "end": {
          "line": 29,
          "column": 56
        }
      },
      "18": {
        "start": {
          "line": 30,
          "column": 2
        },
        "end": {
          "line": 34,
          "column": 11
        }
      },
      "19": {
        "start": {
          "line": 30,
          "column": 128
        },
        "end": {
          "line": 30,
          "column": 164
        }
      },
      "20": {
        "start": {
          "line": 36,
          "column": 0
        },
        "end": {
          "line": 38,
          "column": 3
        }
      },
      "21": {
        "start": {
          "line": 37,
          "column": 2
        },
        "end": {
          "line": 37,
          "column": 55
        }
      },
      "22": {
        "start": {
          "line": 39,
          "column": 0
        },
        "end": {
          "line": 39,
          "column": 13
        }
      },
      "23": {
        "start": {
          "line": 41,
          "column": 0
        },
        "end": {
          "line": 41,
          "column": 28
        }
      },
      "24": {
        "start": {
          "line": 42,
          "column": 0
        },
        "end": {
          "line": 58,
          "column": 1
        }
      },
      "25": {
        "start": {
          "line": 43,
          "column": 2
        },
        "end": {
          "line": 43,
          "column": 39
        }
      },
      "26": {
        "start": {
          "line": 44,
          "column": 2
        },
        "end": {
          "line": 44,
          "column": 39
        }
      },
      "27": {
        "start": {
          "line": 45,
          "column": 2
        },
        "end": {
          "line": 57,
          "column": 5
        }
      },
      "28": {
        "start": {
          "line": 49,
          "column": 4
        },
        "end": {
          "line": 49,
          "column": 159
        }
      },
      "29": {
        "start": {
          "line": 50,
          "column": 4
        },
        "end": {
          "line": 56,
          "column": 7
        }
      },
      "30": {
        "start": {
          "line": 51,
          "column": 6
        },
        "end": {
          "line": 52,
          "column": 15
        }
      },
      "31": {
        "start": {
          "line": 52,
          "column": 8
        },
        "end": {
          "line": 52,
          "column": 15
        }
      },
      "32": {
        "start": {
          "line": 53,
          "column": 32
        },
        "end": {
          "line": 53,
          "column": 115
        }
      },
      "33": {
        "start": {
          "line": 54,
          "column": 6
        },
        "end": {
          "line": 55,
          "column": 54
        }
      },
      "34": {
        "start": {
          "line": 55,
          "column": 8
        },
        "end": {
          "line": 55,
          "column": 54
        }
      }
    },
    "fnMap": {
      "0": {
        "name": "(anonymous_0)",
        "decl": {
          "start": {
            "line": 11,
            "column": 24
          },
          "end": {
            "line": 11,
            "column": 25
          }
        },
        "loc": {
          "start": {
            "line": 11,
            "column": 38
          },
          "end": {
            "line": 13,
            "column": 3
          }
        },
        "line": 11
      },
      "1": {
        "name": "(anonymous_1)",
        "decl": {
          "start": {
            "line": 21,
            "column": 23
          },
          "end": {
            "line": 21,
            "column": 24
          }
        },
        "loc": {
          "start": {
            "line": 21,
            "column": 29
          },
          "end": {
            "line": 35,
            "column": 1
          }
        },
        "line": 21
      },
      "2": {
        "name": "(anonymous_2)",
        "decl": {
          "start": {
            "line": 23,
            "column": 32
          },
          "end": {
            "line": 23,
            "column": 33
          }
        },
        "loc": {
          "start": {
            "line": 23,
            "column": 43
          },
          "end": {
            "line": 23,
            "column": 61
          }
        },
        "line": 23
      },
      "3": {
        "name": "(anonymous_3)",
        "decl": {
          "start": {
            "line": 25,
            "column": 23
          },
          "end": {
            "line": 25,
            "column": 24
          }
        },
        "loc": {
          "start": {
            "line": 25,
            "column": 38
          },
          "end": {
            "line": 28,
            "column": 3
          }
        },
        "line": 25
      },
      "4": {
        "name": "(anonymous_4)",
        "decl": {
          "start": {
            "line": 30,
            "column": 121
          },
          "end": {
            "line": 30,
            "column": 122
          }
        },
        "loc": {
          "start": {
            "line": 30,
            "column": 128
          },
          "end": {
            "line": 30,
            "column": 164
          }
        },
        "line": 30
      },
      "5": {
        "name": "(anonymous_5)",
        "decl": {
          "start": {
            "line": 36,
            "column": 51
          },
          "end": {
            "line": 36,
            "column": 52
          }
        },
        "loc": {
          "start": {
            "line": 36,
            "column": 62
          },
          "end": {
            "line": 38,
            "column": 1
          }
        },
        "line": 36
      },
      "6": {
        "name": "(anonymous_6)",
        "decl": {
          "start": {
            "line": 48,
            "column": 9
          },
          "end": {
            "line": 48,
            "column": 10
          }
        },
        "loc": {
          "start": {
            "line": 48,
            "column": 29
          },
          "end": {
            "line": 57,
            "column": 3
          }
        },
        "line": 48
      },
      "7": {
        "name": "(anonymous_7)",
        "decl": {
          "start": {
            "line": 50,
            "column": 27
          },
          "end": {
            "line": 50,
            "column": 28
          }
        },
        "loc": {
          "start": {
            "line": 50,
            "column": 44
          },
          "end": {
            "line": 56,
            "column": 5
          }
        },
        "line": 50
      }
    },
    "branchMap": {
      "0": {
        "loc": {
          "start": {
            "line": 5,
            "column": 0
          },
          "end": {
            "line": 15,
            "column": 1
          }
        },
        "type": "if",
        "locations": [
          {
            "start": {
              "line": 5,
              "column": 0
            },
            "end": {
              "line": 15,
              "column": 1
            }
          },
          {
            "start": {},
            "end": {}
          }
        ],
        "line": 5
      },
      "1": {
        "loc": {
          "start": {
            "line": 6,
            "column": 2
          },
          "end": {
            "line": 8,
            "column": 3
          }
        },
        "type": "if",
        "locations": [
          {
            "start": {
              "line": 6,
              "column": 2
            },
            "end": {
              "line": 8,
              "column": 3
            }
          },
          {
            "start": {},
            "end": {}
          }
        ],
        "line": 6
      },
      "2": {
        "loc": {
          "start": {
            "line": 42,
            "column": 0
          },
          "end": {
            "line": 58,
            "column": 1
          }
        },
        "type": "if",
        "locations": [
          {
            "start": {
              "line": 42,
              "column": 0
            },
            "end": {
              "line": 58,
              "column": 1
            }
          },
          {
            "start": {},
            "end": {}
          }
        ],
        "line": 42
      },
      "3": {
        "loc": {
          "start": {
            "line": 51,
            "column": 6
          },
          "end": {
            "line": 52,
            "column": 15
          }
        },
        "type": "if",
        "locations": [
          {
            "start": {
              "line": 51,
              "column": 6
            },
            "end": {
              "line": 52,
              "column": 15
            }
          },
          {
            "start": {},
            "end": {}
          }
        ],
        "line": 51
      },
      "4": {
        "loc": {
          "start": {
            "line": 54,
            "column": 6
          },
          "end": {
            "line": 55,
            "column": 54
          }
        },
        "type": "if",
        "locations": [
          {
            "start": {
              "line": 54,
              "column": 6
            },
            "end": {
              "line": 55,
              "column": 54
            }
          },
          {
            "start": {},
            "end": {}
          }
        ],
        "line": 54
      }
    },
    "s": {
      "0": 4,
      "1": 4,
      "2": 0,
      "3": 4,
      "4": 4,
      "5": 4,
      "6": 4,
      "7": 4,
      "8": 4,
      "9": 4,
      "10": 6,
      "11": 6,
      "12": 19,
      "13": 6,
      "14": 6,
      "15": 1,
      "16": 1,
      "17": 6,
      "18": 6,
      "19": 5,
      "20": 4,
      "21": 2,
      "22": 4,
      "23": 4,
      "24": 4,
      "25": 4,
      "26": 4,
      "27": 4,
      "28": 2,
      "29": 2,
      "30": 0,
      "31": 0,
      "32": 0,
      "33": 0,
      "34": 0
    },
    "f": {
      "0": 4,
      "1": 6,
      "2": 19,
      "3": 1,
      "4": 5,
      "5": 2,
      "6": 2,
      "7": 0
    },
    "b": {
      "0": [
        4,
        0
      ],
      "1": [
        0,
        4
      ],
      "2": [
        4,
        0
      ],
      "3": [
        0,
        0
      ],
      "4": [
        0,
        0
      ]
    },
    "inputSourceMap": {
      "version": 3,
      "mappings": "AAiBI;;;;;;;;;;;;;;;;AAjBJ,SAASA,mBAAmB;AAC5B,SAASC,YAAYC,iBAAiB;AACtC,SAASC,gBAAgBC,sBAAsB;AAC/C,OAAOC,aAAa;AAEb,aAAMC,UAAUA,MAAM;AAAAC;AAC3B,QAAMC,SAASJ,eAAgBK,WAAUA,MAAMC,MAAMF,MAAM;AAC3D,QAAMG,WAAWR,eAAc;AAE/B,QAAMS,eAAe,OAAOC,QAAgB;AAC1CF,aAAST,UAAUW,GAAG,CAAC;AACvBF,aAASV,WAAWY,GAAG,CAAC;AAAA,EAC1B;AAEA,QAAMC,uBAAuBd,YAAYY,YAAY;AAErD,SACE,uBAAC,WACC,WAAWP,QAAQU,SACnB,MAAK,QACL,aAAY,aACZ,UAAWC,OAAMF,qBAAqBE,EAAEC,OAAOC,KAAK,GACpD,cAAcV,UALhB;AAAA;AAAA;AAAA;AAAA,SAKuB;AAG3B;AAAED,GApBWD,SAAO;AAAA,UACHF,gBACED,gBAOYH,WAAW;AAAA;AAAAmB,KAT7Bb;AAAO;AAAAc",
      "names": [
        "useDebounce",
        "fetchCards",
        "setSearch",
        "useAppDispatch",
        "useAppSelector",
        "classes",
        "MyInput",
        "_s",
        "search",
        "state",
        "cards",
        "dispatch",
        "handleSearch",
        "str",
        "handleWithinDebounce",
        "myInput",
        "e",
        "target",
        "value",
        "_c",
        "$RefreshReg$"
      ],
      "sources": [
        "D:/Проекты/react/Копия работы/react-task/vite-project/src/components/UI/input/MyInput.tsx"
      ],
      "file": "D:/Проекты/react/Копия работы/react-task/vite-project/src/components/UI/input/MyInput.tsx"
    },
    "_coverageSchema": "1a1c01bbd47fc00a2c39e90264f33305004495a9",
    "hash": "9e90cc0326d70ecb856235aeb04a0d4bb6a88188"
  },
  "D:/Проекты/react/Копия работы/react-task/vite-project/src/components/UI/input/index.ts": {
    "path": "D:/Проекты/react/Копия работы/react-task/vite-project/src/components/UI/input/index.ts",
    "statementMap": {},
    "fnMap": {},
    "branchMap": {},
    "s": {},
    "f": {},
    "b": {},
    "inputSourceMap": {
      "version": 3,
      "sources": [
        "D:/Проекты/react/Копия работы/react-task/vite-project/src/components/UI/input/index.ts"
      ],
      "mappings": "AAAA,wBAAwB;",
      "names": []
    },
    "_coverageSchema": "1a1c01bbd47fc00a2c39e90264f33305004495a9",
    "hash": "4b635590a08b3832a163c8437e81870722302661"
  },
  "D:/Проекты/react/Копия работы/react-task/vite-project/src/components/UI/loader/MyLoader.tsx": {
    "path": "D:/Проекты/react/Копия работы/react-task/vite-project/src/components/UI/loader/MyLoader.tsx",
    "statementMap": {
      "0": {
        "start": {
          "line": 5,
          "column": 0
        },
        "end": {
          "line": 15,
          "column": 1
        }
      },
      "1": {
        "start": {
          "line": 6,
          "column": 2
        },
        "end": {
          "line": 8,
          "column": 3
        }
      },
      "2": {
        "start": {
          "line": 7,
          "column": 4
        },
        "end": {
          "line": 7,
          "column": 165
        }
      },
      "3": {
        "start": {
          "line": 9,
          "column": 2
        },
        "end": {
          "line": 9,
          "column": 39
        }
      },
      "4": {
        "start": {
          "line": 10,
          "column": 2
        },
        "end": {
          "line": 10,
          "column": 39
        }
      },
      "5": {
        "start": {
          "line": 11,
          "column": 2
        },
        "end": {
          "line": 13,
          "column": 4
        }
      },
      "6": {
        "start": {
          "line": 12,
          "column": 4
        },
        "end": {
          "line": 12,
          "column": 135
        }
      },
      "7": {
        "start": {
          "line": 14,
          "column": 2
        },
        "end": {
          "line": 14,
          "column": 75
        }
      },
      "8": {
        "start": {
          "line": 17,
          "column": 24
        },
        "end": {
          "line": 34,
          "column": 1
        }
      },
      "9": {
        "start": {
          "line": 18,
          "column": 2
        },
        "end": {
          "line": 33,
          "column": 11
        }
      },
      "10": {
        "start": {
          "line": 35,
          "column": 0
        },
        "end": {
          "line": 35,
          "column": 14
        }
      },
      "11": {
        "start": {
          "line": 37,
          "column": 0
        },
        "end": {
          "line": 37,
          "column": 29
        }
      },
      "12": {
[...]
            "column": 1
          }
        },
        "line": 69
      },
      "3": {
        "name": "(anonymous_3)",
        "decl": {
          "start": {
            "line": 81,
            "column": 9
          },
          "end": {
            "line": 81,
            "column": 10
          }
        },
        "loc": {
          "start": {
            "line": 81,
            "column": 29
          },
          "end": {
            "line": 90,
            "column": 3
          }
        },
        "line": 81
      },
      "4": {
        "name": "(anonymous_4)",
        "decl": {
          "start": {
            "line": 83,
            "column": 27
          },
          "end": {
            "line": 83,
            "column": 28
          }
        },
        "loc": {
          "start": {
            "line": 83,
            "column": 44
          },
          "end": {
            "line": 89,
            "column": 5
          }
        },
        "line": 83
      }
    },
    "branchMap": {
      "0": {
        "loc": {
          "start": {
            "line": 5,
            "column": 0
          },
          "end": {
            "line": 15,
            "column": 1
          }
        },
        "type": "if",
        "locations": [
          {
            "start": {
              "line": 5,
              "column": 0
            },
            "end": {
              "line": 15,
              "column": 1
            }
          },
          {
            "start": {},
            "end": {}
          }
        ],
        "line": 5
      },
      "1": {
        "loc": {
          "start": {
            "line": 6,
            "column": 2
          },
          "end": {
            "line": 8,
            "column": 3
          }
        },
        "type": "if",
        "locations": [
          {
            "start": {
              "line": 6,
              "column": 2
            },
            "end": {
              "line": 8,
              "column": 3
            }
          },
          {
            "start": {},
            "end": {}
          }
        ],
        "line": 6
      },
      "2": {
        "loc": {
          "start": {
            "line": 75,
            "column": 0
          },
          "end": {
            "line": 91,
            "column": 1
          }
        },
        "type": "if",
        "locations": [
          {
            "start": {
              "line": 75,
              "column": 0
            },
            "end": {
              "line": 91,
              "column": 1
            }
          },
          {
            "start": {},
            "end": {}
          }
        ],
        "line": 75
      },
      "3": {
        "loc": {
          "start": {
            "line": 84,
            "column": 6
          },
          "end": {
            "line": 85,
            "column": 15
          }
        },
        "type": "if",
        "locations": [
          {
            "start": {
              "line": 84,
              "column": 6
            },
            "end": {
              "line": 85,
              "column": 15
            }
          },
          {
            "start": {},
            "end": {}
          }
        ],
        "line": 84
      },
      "4": {
        "loc": {
          "start": {
            "line": 87,
            "column": 6
          },
          "end": {
            "line": 88,
            "column": 54
          }
        },
        "type": "if",
        "locations": [
          {
            "start": {
              "line": 87,
              "column": 6
            },
            "end": {
              "line": 88,
              "column": 54
            }
          },
          {
            "start": {},
            "end": {}
          }
        ],
        "line": 87
      }
    },
    "s": {
      "0": 4,
      "1": 4,
      "2": 0,
      "3": 4,
      "4": 4,
      "5": 4,
      "6": 4,
      "7": 4,
      "8": 4,
      "9": 4,
      "10": 10,
      "11": 10,
      "12": 10,
      "13": 4,
      "14": 4,
      "15": 4,
      "16": 4,
      "17": 4,
      "18": 4,
      "19": 4,
      "20": 4,
      "21": 2,
      "22": 2,
      "23": 0,
      "24": 0,
      "25": 0,
      "26": 0,
      "27": 0
    },
    "f": {
      "0": 4,
      "1": 10,
      "2": 4,
      "3": 2,
      "4": 0
    },
    "b": {
      "0": [
        4,
        0
      ],
      "1": [
        0,
        4
      ],
      "2": [
        4,
        0
      ],
      "3": [
        0,
        0
      ],
      "4": [
        0,
        0
      ]
    },
    "inputSourceMap": {
      "version": 3,
      "mappings": "AAOI,mBAEI,cAFJ;;;;;;;;;;;;;;;;AAPJ,SAASA,QAAQC,mBAAmB;AACpC,SAASC,YAAY;AACrB,SAASC,cAAc;AAEhB,aAAMC,SAASA,MAAM;AAAAC;AAC1B,QAAMC,WAAWL,YAAW;AAC5B,SACE,mCACE;AAAA,2BAAC,SAAI,WAAU,UACb;AAAA,6BAAC,OACEC;AAAAA,aAAKK,MAAMC;AAAAA,QAAQ;AAAA,QAAEF,SAASG,SAASC,MAAM,CAAC;AAAA,WADjD;AAAA;AAAA;AAAA;AAAA,aAEA;AAAA,MACA,uBAAC,UAAO,IAAG,UAAUR,eAAKK,MAAMI,SAAhC;AAAA;AAAA;AAAA;AAAA,aAAsC;AAAA,MACtC,uBAAC,UAAO,IAAG,UAAUT,eAAKK,MAAMK,SAAhC;AAAA;AAAA;AAAA;AAAA,aAAsC;AAAA,MACtC,uBAAC,UAAO,IAAG,SAASV,eAAKK,MAAMM,QAA/B;AAAA;AAAA;AAAA;AAAA,aAAoC;AAAA,SANtC;AAAA;AAAA;AAAA;AAAA,WAOA;AAAA,IACA,uBAAC,UAAK,WAAU,aACd,iCAAC,YAAD;AAAA;AAAA;AAAA;AAAA,WAAO,KADT;AAAA;AAAA;AAAA;AAAA,WAEA;AAAA,OAXF;AAAA;AAAA;AAAA;AAAA,SAYA;AAEJ;AAAER,GAjBWD,QAAM;AAAA,UACAH,WAAW;AAAA;AAAAa,KADjBV;AAAM;AAAAW",
      "names": [
        "Outlet",
        "useLocation",
        "TEXT",
        "MyLink",
        "Navbar",
        "_s",
        "location",
        "PAGES",
        "CURRENT",
        "pathname",
        "slice",
        "ABOUT",
        "CARDS",
        "FORM",
        "_c",
        "$RefreshReg$"
      ],
      "sources": [
        "D:/Проекты/react/Копия работы/react-task/vite-project/src/pages/Navbar.tsx"
      ],
      "file": "D:/Проекты/react/Копия работы/react-task/vite-project/src/pages/Navbar.tsx"
    },
    "_coverageSchema": "1a1c01bbd47fc00a2c39e90264f33305004495a9",
    "hash": "7cb5017f51fd4a6cc70154bdf41451aef585254a"
  },
  "D:/Проекты/react/Копия работы/react-task/vite-project/src/pages/index.ts": {
    "path": "D:/Проекты/react/Копия работы/react-task/vite-project/src/pages/index.ts",
    "statementMap": {},
    "fnMap": {},
    "branchMap": {},
    "s": {},
    "f": {},
    "b": {},
    "inputSourceMap": {
      "version": 3,
      "sources": [
        "D:/Проекты/react/Копия работы/react-task/vite-project/src/pages/index.ts"
      ],
      "mappings": "AAAA,sBAAsB;AACtB,sBAAsB;AACtB,qBAAqB;AACrB,sBAAsB;AACtB,uBAAuB;",
      "names": []
    },
    "_coverageSchema": "1a1c01bbd47fc00a2c39e90264f33305004495a9",
    "hash": "682d7ad3df40bb9dd31ce98af1628275d961ca57"
  },
  "D:/Проекты/react/Копия работы/react-task/vite-project/src/App.tsx": {
    "path": "D:/Проекты/react/Копия работы/react-task/vite-project/src/App.tsx",
    "statementMap": {
      "0": {
        "start": {
          "line": 5,
          "column": 0
        },
        "end": {
          "line": 15,
          "column": 1
        }
      },
      "1": {
        "start": {
          "line": 6,
          "column": 2
        },
        "end": {
          "line": 8,
          "column": 3
        }
      },
      "2": {
        "start": {
          "line": 7,
          "column": 4
        },
        "end": {
          "line": 7,
          "column": 165
        }
      },
      "3": {
        "start": {
          "line": 9,
          "column": 2
        },
        "end": {
          "line": 9,
          "column": 39
        }
      },
      "4": {
        "start": {
          "line": 10,
          "column": 2
        },
        "end": {
          "line": 10,
          "column": 39
        }
      },
      "5": {
        "start": {
          "line": 11,
          "column": 2
        },
        "end": {
          "line": 13,
          "column": 4
        }
      },
      "6": {
        "start": {
          "line": 12,
          "column": 4
        },
        "end": {
          "line": 12,
          "column": 109
        }
      },
      "7": {
        "start": {
          "line": 14,
          "column": 2
        },
        "end": {
          "line": 14,
          "column": 75
        }
      },
      "8": {
        "start": {
          "line": 19,
          "column": 19
        },
        "end": {
          "line": 82,
          "column": 1
        }
      },
      "9": {
        "start": {
          "line": 20,
          "column": 2
        },
        "end": {
          "line": 81,
          "column": 11
        }
      },
      "10": {
        "start": {
          "line": 83,
          "column": 0
        },
        "end": {
          "line": 83,
          "column": 9
        }
      },
      "11": {
        "start": {
          "line": 86,
          "column": 0
        },
        "end": {
          "line": 86,
          "column": 24
        }
      },
      "12": {
        "start": {
          "line": 87,
          "column": 0
        },
        "end": {
          "line": 103,
          "column": 1
        }
      },
      "13": {
        "start": {
          "line": 88,
          "column": 2
        },
        "end": {
          "line": 88,
          "column": 39
        }
      },
      "14": {
        "start": {
          "line": 89,
          "column": 2
        },
        "end": {
          "line": 89,
          "column": 39
        }
      },
      "15": {
        "start": {
          "line": 90,
          "column": 2
        },
        "end": {
          "line": 102,
          "column": 5
        }
      },
      "16": {
        "start": {
          "line": 94,
          "column": 4
        },
        "end": {
          "line": 94,
          "column": 135
        }
      },
      "17": {
        "start": {
          "line": 95,
          "column": 4
        },
        "end": {
          "line": 101,
          "column": 7
        }
      },
      "18": {
        "start": {
          "line": 96,
          "column": 6
        },
        "end": {
          "line": 97,
          "column": 15
        }
      },
      "19": {
        "start": {
          "line": 97,
          "column": 8
        },
        "end": {
          "line": 97,
          "column": 15
        }
      },
      "20": {
        "start": {
          "line": 98,
          "column": 32
        },
        "end": {
          "line": 98,
          "column": 115
        }
      },
      "21": {
        "start": {
          "line": 99,
          "column": 6
        },
        "end": {
          "line": 100,
          "column": 54
        }
      },
      "22": {
        "start": {
          "line": 100,
          "column": 8
        },
        "end": {
          "line": 100,
          "column": 54
        }
      }
    },
    "fnMap": {
      "0": {
        "name": "(anonymous_0)",
        "decl": {
          "start": {
            "line": 11,
            "column": 24
          },
          "end": {
            "line": 11,
            "column": 25
          }
        },
        "loc": {
          "start": {
            "line": 11,
            "column": 38
          },
          "end": {
            "line": 13,
            "column": 3
          }
        },
        "line": 11
      },
      "1": {
        "name": "(anonymous_1)",
        "decl": {
          "start": {
            "line": 19,
            "column": 19
          },
          "end": {
            "line": 19,
            "column": 20
          }
        },
        "loc": {
          "start": {
            "line": 19,
            "column": 25
          },
          "end": {
            "line": 82,
            "column": 1
          }
        },
        "line": 19
      },
      "2": {
        "name": "(anonymous_2)",
        "decl": {
          "start": {
            "line": 93,
            "column": 9
          },
          "end": {
            "line": 93,
            "column": 10
          }
        },
        "loc": {
          "start": {
            "line": 93,
            "column": 29
          },
          "end": {
            "line": 102,
            "column": 3
          }
        },
        "line": 93
      },
      "3": {
        "name": "(anonymous_3)",
        "decl": {
          "start": {
            "line": 95,
            "column": 27
          },
          "end": {
            "line": 95,
            "column": 28
          }
        },
        "loc": {
          "start": {
            "line": 95,
            "column": 44
          },
          "end": {
            "line": 101,
            "column": 5
          }
        },
        "line": 95
      }
    },
    "branchMap": {
      "0": {
        "loc": {
          "start": {
            "line": 5,
            "column": 0
          },
          "end": {
            "line": 15,
            "column": 1
          }
        },
        "type": "if",
        "locations": [
          {
            "start": {
              "line": 5,
              "column": 0
            },
            "end": {
              "line": 15,
              "column": 1
            }
          },
          {
            "start": {},
            "end": {}
          }
        ],
        "line": 5
      },
      "1": {
        "loc": {
          "start": {
            "line": 6,
            "column": 2
          },
          "end": {
            "line": 8,
            "column": 3
          }
        },
        "type": "if",
        "locations": [
          {
            "start": {
              "line": 6,
              "column": 2
            },
            "end": {
              "line": 8,
              "column": 3
            }
          },
          {
            "start": {},
            "end": {}
          }
        ],
        "line": 6
      },
      "2": {
        "loc": {
          "start": {
            "line": 87,
            "column": 0
          },
          "end": {
            "line": 103,
            "column": 1
          }
        },
        "type": "if",
        "locations": [
          {
            "start": {
              "line": 87,
              "column": 0
            },
            "end": {
              "line": 103,
              "column": 1
            }
          },
          {
            "start": {},
            "end": {}
          }
        ],
        "line": 87
      },
      "3": {
        "loc": {
          "start": {
            "line": 96,
            "column": 6
          },
          "end": {
            "line": 97,
            "column": 15
          }
        },
        "type": "if",
        "locations": [
          {
            "start": {
              "line": 96,
              "column": 6
            },
            "end": {
              "line": 97,
              "column": 15
            }
          },
          {
            "start": {},
            "end": {}
          }
        ],
        "line": 96
      },
      "4": {
        "loc": {
          "start": {
            "line": 99,
            "column": 6
          },
          "end": {
            "line": 100,
            "column": 54
          }
        },
        "type": "if",
        "locations": [
          {
            "start": {
              "line": 99,
              "column": 6
            },
            "end": {
              "line": 100,
              "column": 54
            }
          },
          {
            "start": {},
            "end": {}
          }
        ],
        "line": 99
      }
    },
    "s": {
      "0": 4,
      "1": 4,
      "2": 0,
      "3": 4,
      "4": 4,
      "5": 4,
      "6": 4,
      "7": 4,
      "8": 4,
      "9": 8,
      "10": 4,
      "11": 4,
      "12": 4,
      "13": 4,
      "14": 4,
      "15": 4,
      "16": 2,
      "17": 2,
      "18": 0,
      "19": 0,
      "20": 0,
      "21": 0,
      "22": 0
    },
    "f": {
      "0": 4,
      "1": 8,
      "2": 2,
      "3": 0
    },
    "b": {
      "0": [
        4,
        0
      ],
      "1": [
        0,
        4
      ],
      "2": [
        4,
        0
      ],
      "3": [
        0,
        0
      ],
      "4": [
        0,
        0
      ]
    },
    "inputSourceMap": {
      "version": 3,
      "mappings": "AAMI,mBACE,cADF;AANJ,2BAA0BA;AAAc;AAAkB;AAAA;AAAA;AAAA;AAAA;AAAA;AAAA;AAAA;AAAA;AAAA;AAAA;AAAA;AAAA;AAC1D,SAASC,cAAc;AACvB,SAASC,OAAOC,OAAOC,MAAMC,OAAOC,cAAc;AAE3C,aAAMC,MAAMA,MAAM;AACvB,SACE,mCACE;AAAA,2BAAC,YAAD;AAAA;AAAA;AAAA;AAAA,WAAO;AAAA,IACP,uBAAC,UACC;AAAA,6BAAC,SAAM,MAAO,IAAGN,OAAOO,SAAS,SAAS,uBAAC,WAAD;AAAA;AAAA;AAAA;AAAA,aAAM,KAAhD;AAAA;AAAA;AAAA;AAAA,aAAoD;AAAA,MACpD,uBAAC,SAAM,MAAO,IAAGP,OAAOQ,SAAS,SAAS,uBAAC,WAAD;AAAA;AAAA;AAAA;AAAA,aAAM,KAAhD;AAAA;AAAA;AAAA;AAAA,aAAoD;AAAA,MACpD,uBAAC,SAAM,MAAO,IAAGR,OAAOS,QAAQ,SAAS,uBAAC,UAAD;AAAA;AAAA;AAAA;AAAA,aAAK,KAA9C;AAAA;AAAA;AAAA;AAAA,aAAkD;AAAA,MAClD,uBAAC,SAAM,MAAK,KAAI,SAAS,uBAAC,YAAS,IAAG,UAAS,SAAO,QAA7B;AAAA;AAAA;AAAA;AAAA,aAA6B,KAAtD;AAAA;AAAA;AAAA;AAAA,aAA0D;AAAA,MAC1D,uBAAC,SAAM,MAAK,MAAK,SAAS,uBAAC,WAAD;AAAA;AAAA;AAAA;AAAA,aAAM,KAAhC;AAAA;AAAA;AAAA;AAAA,aAAoC;AAAA,SALtC;AAAA;AAAA;AAAA;AAAA,WAMA;AAAA,OARF;AAAA;AAAA;AAAA;AAAA,SASA;AAEJ;AAAEC,KAbWJ;AAeb,eAAeA;AAAI;AAAAK",
      "names": [
        "Routes",
        "EPages",
        "About",
        "Cards",
        "Form",
        "Error",
        "Navbar",
        "App",
        "ABOUT",
        "CARDS",
        "FORM",
        "_c",
        "$RefreshReg$"
      ],
      "sources": [
        "D:/Проекты/react/Копия работы/react-task/vite-project/src/App.tsx"
      ],
      "file": "D:/Проекты/react/Копия работы/react-task/vite-project/src/App.tsx"
    },
    "_coverageSchema": "1a1c01bbd47fc00a2c39e90264f33305004495a9",
    "hash": "ce35219d4556ccea9b0afcf85f57ab963dc37105"
  },
  "D:/Проекты/react/Копия работы/react-task/vite-project/src/store/index.ts": {
    "path": "D:/Проекты/react/Копия работы/react-task/vite-project/src/store/index.ts",
    "statementMap": {
      "0": {
        "start": {
          "line": 4,
          "column": 14
        },
        "end": {
          "line": 9,
          "column": 2
        }
      }
    },
    "fnMap": {},
    "branchMap": {},
    "s": {
      "0": 4
    },
    "f": {},
    "b": {},
    "inputSourceMap": {
      "version": 3,
      "sources": [
        "D:/Проекты/react/Копия работы/react-task/vite-project/src/store/index.ts"
      ],
      "mappings": "AAAA,SAAS,sBAAsB;AAC/B,OAAO,iBAAiB;AACxB,OAAO,iBAAiB;AAExB,MAAM,QAAQ,eAAe;AAAA,EAC3B,SAAS;AAAA,IACP,OAAO;AAAA,IACP,OAAO;AAAA,EACT;AACF,CAAC;AAED,eAAe;",
      "names": []
    },
    "_coverageSchema": "1a1c01bbd47fc00a2c39e90264f33305004495a9",
    "hash": "426aafd85c7c34e94a2b38d980f631b2f1105d4d"
  },
  "D:/Проекты/react/Копия работы/react-task/vite-project/src/main.tsx": {
    "path": "D:/Проекты/react/Копия работы/react-task/vite-project/src/main.tsx",
    "statementMap": {
      "0": {
        "start": {
          "line": 9,
          "column": 0
        },
        "end": {
          "line": 25,
          "column": 10
        }
      }
    },
    "fnMap": {},
    "branchMap": {},
    "s": {
      "0": 4
    },
    "f": {},
    "b": {},
    "inputSourceMap": {
      "version": 3,
      "mappings": "AAaQ;AAbR,OAAOA,WAAW;AAClB,OAAOC,cAAc;AACrB,OAAOC,SAAS;AAChB,OAAO;AACP,SAASC,gBAAgB;AACzB,OAAOC,WAAW;AAClB,SAASC,qBAAqB;AAE9BJ,SAASK,YACPC,SAASC,eAAe,MAAM,GAC9B,uBAAC,MAAM,YAAN,EACC,iCAAC,YAAS,OACR,iCAAC,iBACC,iCAAC,SAAD;AAAA;AAAA;AAAA;AAAA,OAAI,KADN;AAAA;AAAA;AAAA;AAAA,OAEA,KAHF;AAAA;AAAA;AAAA;AAAA,OAIA,KALF;AAAA;AAAA;AAAA;AAAA,OAMA,CAAmB",
      "names": [
        "React",
        "ReactDOM",
        "App",
        "Provider",
        "store",
        "BrowserRouter",
        "hydrateRoot",
        "document",
        "getElementById"
      ],
      "sources": [
        "D:/Проекты/react/Копия работы/react-task/vite-project/src/main.tsx"
      ],
      "file": "D:/Проекты/react/Копия работы/react-task/vite-project/src/main.tsx"
    },
    "_coverageSchema": "1a1c01bbd47fc00a2c39e90264f33305004495a9",
    "hash": "76ab10572ce0974aee8873dfa90b3b59b51c3165"
  }
}