{"D:\\Проекты\\react\\react-task\\vite-project\\src\\App.tsx": {"path":"D:\\Проекты\\react\\react-task\\vite-project\\src\\App.tsx","statementMap":{"0":{"start":{"line":9,"column":12},"end":{"line":39,"column":1}},"1":{"start":{"line":10,"column":17},"end":{"line":37,"column":4}},"2":{"start":{"line":38,"column":2},"end":{"line":38,"column":44}}},"fnMap":{"0":{"name":"(anonymous_0)","decl":{"start":{"line":9,"column":12},"end":{"line":9,"column":13}},"loc":{"start":{"line":9,"column":18},"end":{"line":39,"column":1}},"line":9}},"branchMap":{},"s":{"0":1,"1":1,"2":1},"f":{"0":1},"b":{},"_coverageSchema":"1a1c01bbd47fc00a2c39e90264f33305004495a9","hash":"e89ea53b21e9b48c47efe504ece52e0dd9fa71f7"}
,"D:\\Проекты\\react\\react-task\\vite-project\\src\\main.tsx": {"path":"D:\\Проекты\\react\\react-task\\vite-project\\src\\main.tsx","statementMap":{"0":{"start":{"line":6,"column":0},"end":{"line":10,"column":2}}},"fnMap":{},"branchMap":{},"s":{"0":0},"f":{},"b":{}}
,"D:\\Проекты\\react\\react-task\\vite-project\\src\\API\\Unsplash.ts": {"path":"D:\\Проекты\\react\\react-task\\vite-project\\src\\API\\Unsplash.ts","statementMap":{"0":{"start":{"line":10,"column":13},"end":{"line":10,"column":58}},"1":{"start":{"line":11,"column":14},"end":{"line":11,"column":98}},"2":{"start":{"line":12,"column":26},"end":{"line":12,"column":42}},"3":{"start":{"line":13,"column":2},"end":{"line":13,"column":24}}},"fnMap":{"0":{"name":"(anonymous_0)","decl":{"start":{"line":9,"column":15},"end":{"line":9,"column":16}},"loc":{"start":{"line":9,"column":40},"end":{"line":14,"column":1}},"line":9}},"branchMap":{},"s":{"0":4,"1":4,"2":1,"3":1},"f":{"0":4},"b":{},"_coverageSchema":"1a1c01bbd47fc00a2c39e90264f33305004495a9","hash":"0896ec673be6a77c0537c8d1526e3b190a4a2bfc"}
,"D:\\Проекты\\react\\react-task\\vite-project\\src\\assets\\ClearSearch.tsx": {"path":"D:\\Проекты\\react\\react-task\\vite-project\\src\\assets\\ClearSearch.tsx","statementMap":{"0":{"start":{"line":1,"column":20},"end":{"line":7,"column":1}},"1":{"start":{"line":2,"column":2},"end":{"line":6,"column":4}}},"fnMap":{"0":{"name":"(anonymous_0)","decl":{"start":{"line":1,"column":20},"end":{"line":1,"column":21}},"loc":{"start":{"line":1,"column":26},"end":{"line":7,"column":1}},"line":1}},"branchMap":{},"s":{"0":1,"1":7},"f":{"0":7},"b":{},"_coverageSchema":"1a1c01bbd47fc00a2c39e90264f33305004495a9","hash":"7893ab565fb08c81d27a9cd91d32d6873c7593b4"}
,"D:\\Проекты\\react\\react-task\\vite-project\\src\\components\\Navbar.tsx": {"path":"D:\\Проекты\\react\\react-task\\vite-project\\src\\components\\Navbar.tsx","statementMap":{"0":{"start":{"line":5,"column":15},"end":{"line":22,"column":1}},"1":{"start":{"line":6,"column":19},"end":{"line":6,"column":32}},"2":{"start":{"line":7,"column":2},"end":{"line":21,"column":4}}},"fnMap":{"0":{"name":"(anonymous_0)","decl":{"start":{"line":5,"column":15},"end":{"line":5,"column":16}},"loc":{"start":{"line":5,"column":21},"end":{"line":22,"column":1}},"line":5}},"branchMap":{},"s":{"0":1,"1":2,"2":2},"f":{"0":2},"b":{},"_coverageSchema":"1a1c01bbd47fc00a2c39e90264f33305004495a9","hash":"f2ad1fd2aef3b3e22546681722702db4a28f7cab"}
,"D:\\Проекты\\react\\react-task\\vite-project\\src\\components\\UI\\MyLink.tsx": {"path":"D:\\Проекты\\react\\react-task\\vite-project\\src\\components\\UI\\MyLink.tsx","statementMap":{"0":{"start":{"line":8,"column":15},"end":{"line":14,"column":1}},"1":{"start":{"line":9,"column":2},"end":{"line":13,"column":4}}},"fnMap":{"0":{"name":"(anonymous_0)","decl":{"start":{"line":8,"column":15},"end":{"line":8,"column":16}},"loc":{"start":{"line":8,"column":45},"end":{"line":14,"column":1}},"line":8}},"branchMap":{},"s":{"0":1,"1":6},"f":{"0":6},"b":{},"_coverageSchema":"1a1c01bbd47fc00a2c39e90264f33305004495a9","hash":"55530fe41a326f624ee8be3d0070166b7932a6d6"}
,"D:\\Проекты\\react\\react-task\\vite-project\\src\\components\\UI\\NotFound.tsx": {"path":"D:\\Проекты\\react\\react-task\\vite-project\\src\\components\\UI\\NotFound.tsx","statementMap":{"0":{"start":{"line":3,"column":17},"end":{"line":5,"column":1}},"1":{"start":{"line":4,"column":2},"end":{"line":4,"column":44}}},"fnMap":{"0":{"name":"(anonymous_0)","decl":{"start":{"line":3,"column":17},"end":{"line":3,"column":18}},"loc":{"start":{"line":3,"column":23},"end":{"line":5,"column":1}},"line":3}},"branchMap":{},"s":{"0":1,"1":10},"f":{"0":10},"b":{},"_coverageSchema":"1a1c01bbd47fc00a2c39e90264f33305004495a9","hash":"e05389d8a347e5249dc05b9345f54c158d35ed25"}
,"D:\\Проекты\\react\\react-task\\vite-project\\src\\components\\UI\\button\\MyButton.tsx": {"path":"D:\\Проекты\\react\\react-task\\vite-project\\src\\components\\UI\\button\\MyButton.tsx","statementMap":{"0":{"start":{"line":9,"column":17},"end":{"line":15,"column":1}},"1":{"start":{"line":10,"column":2},"end":{"line":14,"column":4}}},"fnMap":{"0":{"name":"(anonymous_0)","decl":{"start":{"line":9,"column":17},"end":{"line":9,"column":18}},"loc":{"start":{"line":9,"column":53},"end":{"line":15,"column":1}},"line":9}},"branchMap":{},"s":{"0":1,"1":3},"f":{"0":3},"b":{},"_coverageSchema":"1a1c01bbd47fc00a2c39e90264f33305004495a9","hash":"2ff87501395db5a07fb483d1ef5b5dc3a7772e0f"}
,"D:\\Проекты\\react\\react-task\\vite-project\\src\\components\\UI\\input\\MyInput.tsx": {"path":"D:\\Проекты\\react\\react-task\\vite-project\\src\\components\\UI\\input\\MyInput.tsx","statementMap":{"0":{"start":{"line":9,"column":16},"end":{"line":19,"column":1}},"1":{"start":{"line":10,"column":2},"end":{"line":18,"column":4}},"2":{"start":{"line":15,"column":23},"end":{"line":15,"column":48}}},"fnMap":{"0":{"name":"(anonymous_0)","decl":{"start":{"line":9,"column":16},"end":{"line":9,"column":17}},"loc":{"start":{"line":9,"column":50},"end":{"line":19,"column":1}},"line":9},"1":{"name":"(anonymous_1)","decl":{"start":{"line":15,"column":16},"end":{"line":15,"column":17}},"loc":{"start":{"line":15,"column":23},"end":{"line":15,"column":48}},"line":15}},"branchMap":{},"s":{"0":1,"1":7,"2":0},"f":{"0":7,"1":0},"b":{},"_coverageSchema":"1a1c01bbd47fc00a2c39e90264f33305004495a9","hash":"5ab826f47dd4f44691781a3dcc8f37e3283362eb"}
,"D:\\Проекты\\react\\react-task\\vite-project\\src\\components\\UI\\loader\\MyLoader.tsx": {"path":"D:\\Проекты\\react\\react-task\\vite-project\\src\\components\\UI\\loader\\MyLoader.tsx","statementMap":{"0":{"start":{"line":3,"column":17},"end":{"line":10,"column":1}},"1":{"start":{"line":4,"column":2},"end":{"line":9,"column":4}}},"fnMap":{"0":{"name":"(anonymous_0)","decl":{"start":{"line":3,"column":17},"end":{"line":3,"column":18}},"loc":{"start":{"line":3,"column":23},"end":{"line":10,"column":1}},"line":3}},"branchMap":{},"s":{"0":1,"1":3},"f":{"0":3},"b":{},"_coverageSchema":"1a1c01bbd47fc00a2c39e90264f33305004495a9","hash":"cee5a4009874d966b3d698af60656279baf743f5"}
,"D:\\Проекты\\react\\react-task\\vite-project\\src\\components\\UI\\modal\\MyModal.tsx": {"path":"D:\\Проекты\\react\\react-task\\vite-project\\src\\components\\UI\\modal\\MyModal.tsx","statementMap":{"0":{"start":{"line":10,"column":16},"end":{"line":26,"column":1}},"1":{"start":{"line":11,"column":13},"end":{"line":11,"column":30}},"2":{"start":{"line":12,"column":2},"end":{"line":14,"column":3}},"3":{"start":{"line":13,"column":4},"end":{"line":13,"column":28}},"4":{"start":{"line":16,"column":2},"end":{"line":25,"column":4}},"5":{"start":{"line":17,"column":49},"end":{"line":17,"column":66}},"6":{"start":{"line":18,"column":55},"end":{"line":18,"column":74}},"7":{"start":{"line":20,"column":55},"end":{"line":20,"column":72}}},"fnMap":{"0":{"name":"(anonymous_0)","decl":{"start":{"line":10,"column":16},"end":{"line":10,"column":17}},"loc":{"start":{"line":10,"column":63},"end":{"line":26,"column":1}},"line":10},"1":{"name":"(anonymous_1)","decl":{"start":{"line":17,"column":43},"end":{"line":17,"column":44}},"loc":{"start":{"line":17,"column":49},"end":{"line":17,"column":66}},"line":17},"2":{"name":"(anonymous_2)","decl":{"start":{"line":18,"column":48},"end":{"line":18,"column":49}},"loc":{"start":{"line":18,"column":55},"end":{"line":18,"column":74}},"line":18},"3":{"name":"(anonymous_3)","decl":{"start":{"line":20,"column":49},"end":{"line":20,"column":50}},"loc":{"start":{"line":20,"column":55},"end":{"line":20,"column":72}},"line":20}},"branchMap":{"0":{"loc":{"start":{"line":12,"column":2},"end":{"line":14,"column":3}},"type":"if","locations":[{"start":{"line":12,"column":2},"end":{"line":14,"column":3}},{"start":{},"end":{}}],"line":12}},"s":{"0":1,"1":7,"2":7,"3":1,"4":7,"5":0,"6":0,"7":0},"f":{"0":7,"1":0,"2":0,"3":0},"b":{"0":[1,6]},"_coverageSchema":"1a1c01bbd47fc00a2c39e90264f33305004495a9","hash":"bcbc710418d993169d5890403da4fa353606e020"}
,"D:\\Проекты\\react\\react-task\\vite-project\\src\\components\\cards\\Card.tsx": {"path":"D:\\Проекты\\react\\react-task\\vite-project\\src\\components\\cards\\Card.tsx","statementMap":{"0":{"start":{"line":9,"column":13},"end":{"line":20,"column":1}},"1":{"start":{"line":10,"column":22},"end":{"line":10,"column":42}},"2":{"start":{"line":10,"column":28},"end":{"line":10,"column":42}},"3":{"start":{"line":11,"column":2},"end":{"line":19,"column":4}}},"fnMap":{"0":{"name":"(anonymous_0)","decl":{"start":{"line":9,"column":13},"end":{"line":9,"column":14}},"loc":{"start":{"line":9,"column":45},"end":{"line":20,"column":1}},"line":9},"1":{"name":"(anonymous_1)","decl":{"start":{"line":10,"column":22},"end":{"line":10,"column":23}},"loc":{"start":{"line":10,"column":28},"end":{"line":10,"column":42}},"line":10}},"branchMap":{},"s":{"0":1,"1":2,"2":0,"3":2},"f":{"0":2,"1":0},"b":{},"_coverageSchema":"1a1c01bbd47fc00a2c39e90264f33305004495a9","hash":"b135589fe5f905a691e081f77e5a59c33489e210"}
,"D:\\Проекты\\react\\react-task\\vite-project\\src\\components\\cards\\CardsList.tsx": {"path":"D:\\Проекты\\react\\react-task\\vite-project\\src\\components\\cards\\CardsList.tsx","statementMap":{"0":{"start":{"line":12,"column":18},"end":{"line":23,"column":1}},"1":{"start":{"line":13,"column":2},"end":{"line":13,"column":37}},"2":{"start":{"line":13,"column":17},"end":{"line":13,"column":37}},"3":{"start":{"line":14,"column":2},"end":{"line":14,"column":40}},"4":{"start":{"line":14,"column":20},"end":{"line":14,"column":40}},"5":{"start":{"line":16,"column":2},"end":{"line":22,"column":4}},"6":{"start":{"line":19,"column":8},"end":{"line":19,"column":57}}},"fnMap":{"0":{"name":"(anonymous_0)","decl":{"start":{"line":12,"column":18},"end":{"line":12,"column":19}},"loc":{"start":{"line":12,"column":60},"end":{"line":23,"column":1}},"line":12},"1":{"name":"(anonymous_1)","decl":{"start":{"line":18,"column":16},"end":{"line":18,"column":17}},"loc":{"start":{"line":19,"column":8},"end":{"line":19,"column":57}},"line":19}},"branchMap":{"0":{"loc":{"start":{"line":13,"column":2},"end":{"line":13,"column":37}},"type":"if","locations":[{"start":{"line":13,"column":2},"end":{"line":13,"column":37}},{"start":{},"end":{}}],"line":13},"1":{"loc":{"start":{"line":14,"column":2},"end":{"line":14,"column":40}},"type":"if","locations":[{"start":{"line":14,"column":2},"end":{"line":14,"column":40}},{"start":{},"end":{}}],"line":14}},"s":{"0":1,"1":8,"2":3,"3":5,"4":4,"5":1,"6":1},"f":{"0":8,"1":1},"b":{"0":[3,5],"1":[4,1]},"_coverageSchema":"1a1c01bbd47fc00a2c39e90264f33305004495a9","hash":"d7fff291aa59da166292274cbd5c661fb2ffd5f4"}
,"D:\\Проекты\\react\\react-task\\vite-project\\src\\components\\cards\\ModalCard.tsx": {"path":"D:\\Проекты\\react\\react-task\\vite-project\\src\\components\\cards\\ModalCard.tsx","statementMap":{"0":{"start":{"line":9,"column":18},"end":{"line":22,"column":1}},"1":{"start":{"line":10,"column":17},"end":{"line":20,"column":3}},"2":{"start":{"line":16,"column":40},"end":{"line":16,"column":48}},"3":{"start":{"line":21,"column":2},"end":{"line":21,"column":16}}},"fnMap":{"0":{"name":"(anonymous_0)","decl":{"start":{"line":9,"column":18},"end":{"line":9,"column":19}},"loc":{"start":{"line":9,"column":40},"end":{"line":22,"column":1}},"line":9},"1":{"name":"(anonymous_1)","decl":{"start":{"line":16,"column":32},"end":{"line":16,"column":33}},"loc":{"start":{"line":16,"column":40},"end":{"line":16,"column":48}},"line":16}},"branchMap":{"0":{"loc":{"start":{"line":10,"column":17},"end":{"line":20,"column":3}},"type":"cond-expr","locations":[{"start":{"line":11,"column":4},"end":{"line":17,"column":10}},{"start":{"line":19,"column":4},"end":{"line":19,"column":16}}],"line":10}},"s":{"0":1,"1":7,"2":1,"3":7},"f":{"0":7,"1":1},"b":{"0":[1,6]},"_coverageSchema":"1a1c01bbd47fc00a2c39e90264f33305004495a9","hash":"14767fe8c5f97ed13eea18f56bd1f82655783732"}
,"D:\\Проекты\\react\\react-task\\vite-project\\src\\components\\form\\Check.tsx": {"path":"D:\\Проекты\\react\\react-task\\vite-project\\src\\components\\form\\Check.tsx","statementMap":{"0":{"start":{"line":4,"column":14},"end":{"line":19,"column":1}},"1":{"start":{"line":5,"column":2},"end":{"line":18,"column":4}}},"fnMap":{"0":{"name":"(anonymous_0)","decl":{"start":{"line":4,"column":14},"end":{"line":4,"column":15}},"loc":{"start":{"line":4,"column":48},"end":{"line":19,"column":1}},"line":4}},"branchMap":{},"s":{"0":1,"1":2},"f":{"0":2},"b":{},"_coverageSchema":"1a1c01bbd47fc00a2c39e90264f33305004495a9","hash":"c868cabedd3a3bcfbfc7c275d107a084af68739e"}
,"D:\\Проекты\\react\\react-task\\vite-project\\src\\components\\form\\Date.tsx": {"path":"D:\\Проекты\\react\\react-task\\vite-project\\src\\components\\form\\Date.tsx","statementMap":{"0":{"start":{"line":4,"column":13},"end":{"line":22,"column":1}},"1":{"start":{"line":5,"column":2},"end":{"line":21,"column":4}}},"fnMap":{"0":{"name":"(anonymous_0)","decl":{"start":{"line":4,"column":13},"end":{"line":4,"column":14}},"loc":{"start":{"line":4,"column":47},"end":{"line":22,"column":1}},"line":4}},"branchMap":{},"s":{"0":1,"1":2},"f":{"0":2},"b":{},"_coverageSchema":"1a1c01bbd47fc00a2c39e90264f33305004495a9","hash":"fc68045a7f485938bb0a20858f780ed19bae901e"}
,"D:\\Проекты\\react\\react-task\\vite-project\\src\\components\\form\\File.tsx": {"path":"D:\\Проекты\\react\\react-task\\vite-project\\src\\components\\form\\File.tsx","statementMap":{"0":{"start":{"line":4,"column":13},"end":{"line":19,"column":1}},"1":{"start":{"line":5,"column":2},"end":{"line":18,"column":4}}},"fnMap":{"0":{"name":"(anonymous_0)","decl":{"start":{"line":4,"column":13},"end":{"line":4,"column":14}},"loc":{"start":{"line":4,"column":47},"end":{"line":19,"column":1}},"line":4}},"branchMap":{},"s":{"0":1,"1":2},"f":{"0":2},"b":{},"_coverageSchema":"1a1c01bbd47fc00a2c39e90264f33305004495a9","hash":"e5c8c23017336dcdef2fbc9cc0d38b01769c6c88"}
,"D:\\Проекты\\react\\react-task\\vite-project\\src\\components\\form\\Name.tsx": {"path":"D:\\Проекты\\react\\react-task\\vite-project\\src\\components\\form\\Name.tsx","statementMap":{"0":{"start":{"line":4,"column":13},"end":{"line":21,"column":1}},"1":{"start":{"line":5,"column":2},"end":{"line":20,"column":4}}},"fnMap":{"0":{"name":"(anonymous_0)","decl":{"start":{"line":4,"column":13},"end":{"line":4,"column":14}},"loc":{"start":{"line":4,"column":47},"end":{"line":21,"column":1}},"line":4}},"branchMap":{},"s":{"0":1,"1":2},"f":{"0":2},"b":{},"_coverageSchema":"1a1c01bbd47fc00a2c39e90264f33305004495a9","hash":"8ca93d2ed3b0d4fb65a6be625365b20ba31ca417"}
,"D:\\Проекты\\react\\react-task\\vite-project\\src\\components\\form\\Radio.tsx": {"path":"D:\\Проекты\\react\\react-task\\vite-project\\src\\components\\form\\Radio.tsx","statementMap":{"0":{"start":{"line":3,"column":14},"end":{"line":23,"column":1}},"1":{"start":{"line":4,"column":2},"end":{"line":22,"column":4}}},"fnMap":{"0":{"name":"(anonymous_0)","decl":{"start":{"line":3,"column":14},"end":{"line":3,"column":15}},"loc":{"start":{"line":3,"column":40},"end":{"line":23,"column":1}},"line":3}},"branchMap":{},"s":{"0":1,"1":2},"f":{"0":2},"b":{},"_coverageSchema":"1a1c01bbd47fc00a2c39e90264f33305004495a9","hash":"033a5fde10ec98052ee4a083a8eca3a819ba0e60"}
,"D:\\Проекты\\react\\react-task\\vite-project\\src\\components\\form\\Region.tsx": {"path":"D:\\Проекты\\react\\react-task\\vite-project\\src\\components\\form\\Region.tsx","statementMap":{"0":{"start":{"line":4,"column":15},"end":{"line":21,"column":1}},"1":{"start":{"line":5,"column":2},"end":{"line":20,"column":4}}},"fnMap":{"0":{"name":"(anonymous_0)","decl":{"start":{"line":4,"column":15},"end":{"line":4,"column":16}},"loc":{"start":{"line":4,"column":49},"end":{"line":21,"column":1}},"line":4}},"branchMap":{},"s":{"0":1,"1":2},"f":{"0":2},"b":{},"_coverageSchema":"1a1c01bbd47fc00a2c39e90264f33305004495a9","hash":"debcbdae715e86c74204dfd9d72c67cbcd0044a8"}
,"D:\\Проекты\\react\\react-task\\vite-project\\src\\components\\form\\UserForm.tsx": {"path":"D:\\Проекты\\react\\react-task\\vite-project\\src\\components\\form\\UserForm.tsx","statementMap":{"0":{"start":{"line":17,"column":17},"end":{"line":52,"column":1}},"1":{"start":{"line":23,"column":6},"end":{"line":26,"column":4}},"2":{"start":{"line":27,"column":30},"end":{"line":27,"column":50}},"3":{"start":{"line":29,"column":19},"end":{"line":33,"column":3}},"4":{"start":{"line":30,"column":4},"end":{"line":30,"column":30}},"5":{"start":{"line":31,"column":4},"end":{"line":31,"column":20}},"6":{"start":{"line":32,"column":4},"end":{"line":32,"column":12}},"7":{"start":{"line":35,"column":24},"end":{"line":38,"column":3}},"8":{"start":{"line":36,"column":4},"end":{"line":36,"column":25}},"9":{"start":{"line":37,"column":4},"end":{"line":37,"column":42}},"10":{"start":{"line":37,"column":21},"end":{"line":37,"column":34}},"11":{"start":{"line":40,"column":2},"end":{"line":51,"column":4}}},"fnMap":{"0":{"name":"(anonymous_0)","decl":{"start":{"line":17,"column":17},"end":{"line":17,"column":18}},"loc":{"start":{"line":17,"column":42},"end":{"line":52,"column":1}},"line":17},"1":{"name":"(anonymous_1)","decl":{"start":{"line":29,"column":19},"end":{"line":29,"column":20}},"loc":{"start":{"line":29,"column":36},"end":{"line":33,"column":3}},"line":29},"2":{"name":"(anonymous_2)","decl":{"start":{"line":35,"column":24},"end":{"line":35,"column":25}},"loc":{"start":{"line":35,"column":30},"end":{"line":38,"column":3}},"line":35},"3":{"name":"(anonymous_3)","decl":{"start":{"line":37,"column":15},"end":{"line":37,"column":16}},"loc":{"start":{"line":37,"column":21},"end":{"line":37,"column":34}},"line":37}},"branchMap":{},"s":{"0":1,"1":2,"2":2,"3":2,"4":0,"5":0,"6":0,"7":2,"8":0,"9":0,"10":0,"11":2},"f":{"0":2,"1":0,"2":0,"3":0},"b":{},"_coverageSchema":"1a1c01bbd47fc00a2c39e90264f33305004495a9","hash":"d53e11471c8bab742b046b3b143a062c05d427dc"}
,"D:\\Проекты\\react\\react-task\\vite-project\\src\\components\\form\\utils\\FileReader.ts": {"path":"D:\\Проекты\\react\\react-task\\vite-project\\src\\components\\form\\utils\\FileReader.ts","statementMap":{"0":{"start":{"line":4,"column":17},"end":{"line":4,"column":33}},"1":{"start":{"line":5,"column":15},"end":{"line":5,"column":35}},"2":{"start":{"line":6,"column":2},"end":{"line":15,"column":4}},"3":{"start":{"line":7,"column":24},"end":{"line":13,"column":5}},"4":{"start":{"line":14,"column":4},"end":{"line":14,"column":18}},"5":{"start":{"line":16,"column":2},"end":{"line":16,"column":29}}},"fnMap":{"0":{"name":"(anonymous_0)","decl":{"start":{"line":3,"column":15},"end":{"line":3,"column":16}},"loc":{"start":{"line":3,"column":63},"end":{"line":17,"column":1}},"line":3},"1":{"name":"(anonymous_1)","decl":{"start":{"line":6,"column":21},"end":{"line":6,"column":22}},"loc":{"start":{"line":6,"column":27},"end":{"line":15,"column":3}},"line":6}},"branchMap":{},"s":{"0":0,"1":0,"2":0,"3":0,"4":0,"5":0},"f":{"0":0,"1":0},"b":{},"_coverageSchema":"1a1c01bbd47fc00a2c39e90264f33305004495a9","hash":"72ab27977cbb6e10b7dae38dbef728a7d59a3c8e"}
,"D:\\Проекты\\react\\react-task\\vite-project\\src\\components\\users\\UserCard.tsx": {"path":"D:\\Проекты\\react\\react-task\\vite-project\\src\\components\\users\\UserCard.tsx","statementMap":{"0":{"start":{"line":8,"column":17},"end":{"line":26,"column":1}},"1":{"start":{"line":9,"column":2},"end":{"line":25,"column":4}}},"fnMap":{"0":{"name":"(anonymous_0)","decl":{"start":{"line":8,"column":17},"end":{"line":8,"column":18}},"loc":{"start":{"line":8,"column":39},"end":{"line":26,"column":1}},"line":8}},"branchMap":{},"s":{"0":1,"1":1},"f":{"0":1},"b":{},"_coverageSchema":"1a1c01bbd47fc00a2c39e90264f33305004495a9","hash":"9d2e9cbf45aee0140dc759dda4c8969754107927"}
,"D:\\Проекты\\react\\react-task\\vite-project\\src\\components\\users\\UserList.tsx": {"path":"D:\\Проекты\\react\\react-task\\vite-project\\src\\components\\users\\UserList.tsx","statementMap":{"0":{"start":{"line":9,"column":17},"end":{"line":21,"column":1}},"1":{"start":{"line":10,"column":15},"end":{"line":18,"column":3}},"2":{"start":{"line":13,"column":8},"end":{"line":13,"column":44}},"3":{"start":{"line":20,"column":2},"end":{"line":20,"column":14}}},"fnMap":{"0":{"name":"(anonymous_0)","decl":{"start":{"line":9,"column":17},"end":{"line":9,"column":18}},"loc":{"start":{"line":9,"column":43},"end":{"line":21,"column":1}},"line":9},"1":{"name":"(anonymous_1)","decl":{"start":{"line":12,"column":20},"end":{"line":12,"column":21}},"loc":{"start":{"line":13,"column":8},"end":{"line":13,"column":44}},"line":13}},"branchMap":{"0":{"loc":{"start":{"line":10,"column":15},"end":{"line":18,"column":3}},"type":"cond-expr","locations":[{"start":{"line":11,"column":4},"end":{"line":15,"column":10}},{"start":{"line":17,"column":4},"end":{"line":17,"column":34}}],"line":10}},"s":{"0":1,"1":2,"2":1,"3":2},"f":{"0":2,"1":1},"b":{"0":[1,1]},"_coverageSchema":"1a1c01bbd47fc00a2c39e90264f33305004495a9","hash":"a3f3ed8353fffe2eb130a8f27991f5196a1fb833"}
,"D:\\Проекты\\react\\react-task\\vite-project\\src\\data\\pages.ts": {"path":"D:\\Проекты\\react\\react-task\\vite-project\\src\\data\\pages.ts","statementMap":{},"fnMap":{},"branchMap":{},"s":{},"f":{},"b":{},"_coverageSchema":"1a1c01bbd47fc00a2c39e90264f33305004495a9","hash":"36dbfb09ecc14e713cc42fdbe0cdfe43bd3e8091"}
,"D:\\Проекты\\react\\react-task\\vite-project\\src\\data\\text.ts": {"path":"D:\\Проекты\\react\\react-task\\vite-project\\src\\data\\text.ts","statementMap":{"0":{"start":{"line":1,"column":20},"end":{"line":28,"column":1}}},"fnMap":{},"branchMap":{},"s":{"0":1},"f":{},"b":{},"_coverageSchema":"1a1c01bbd47fc00a2c39e90264f33305004495a9","hash":"6cd07d17fd446b969b03edda841460683b1d2503"}
,"D:\\Проекты\\react\\react-task\\vite-project\\src\\data\\types.ts": {"path":"D:\\Проекты\\react\\react-task\\vite-project\\src\\data\\types.ts","statementMap":{},"fnMap":{},"branchMap":{},"s":{},"f":{},"b":{}}
,"D:\\Проекты\\react\\react-task\\vite-project\\src\\hooks\\useDebounce.ts": {"path":"D:\\Проекты\\react\\react-task\\vite-project\\src\\hooks\\useDebounce.ts","statementMap":{"0":{"start":{"line":2,"column":42},"end":{"line":2,"column":46}},"1":{"start":{"line":3,"column":2},"end":{"line":9,"column":4}},"2":{"start":{"line":4,"column":4},"end":{"line":7,"column":5}},"3":{"start":{"line":5,"column":6},"end":{"line":5,"column":31}},"4":{"start":{"line":6,"column":6},"end":{"line":6,"column":24}},"5":{"start":{"line":8,"column":4},"end":{"line":8,"column":44}}},"fnMap":{"0":{"name":"(anonymous_0)","decl":{"start":{"line":1,"column":15},"end":{"line":1,"column":16}},"loc":{"start":{"line":1,"column":57},"end":{"line":10,"column":1}},"line":1},"1":{"name":"(anonymous_1)","decl":{"start":{"line":3,"column":9},"end":{"line":3,"column":10}},"loc":{"start":{"line":3,"column":32},"end":{"line":9,"column":3}},"line":3}},"branchMap":{"0":{"loc":{"start":{"line":4,"column":4},"end":{"line":7,"column":5}},"type":"if","locations":[{"start":{"line":4,"column":4},"end":{"line":7,"column":5}},{"start":{},"end":{}}],"line":4}},"s":{"0":6,"1":6,"2":0,"3":0,"4":0,"5":0},"f":{"0":6,"1":0},"b":{"0":[0,0]},"_coverageSchema":"1a1c01bbd47fc00a2c39e90264f33305004495a9","hash":"ac26ae2a4729d2b43e78166cf076df369781bfe3"}
,"D:\\Проекты\\react\\react-task\\vite-project\\src\\hooks\\useFetching.ts": {"path":"D:\\Проекты\\react\\react-task\\vite-project\\src\\hooks\\useFetching.ts","statementMap":{"0":{"start":{"line":3,"column":27},"end":{"line":16,"column":1}},"1":{"start":{"line":4,"column":34},"end":{"line":4,"column":49}},"2":{"start":{"line":6,"column":19},"end":{"line":13,"column":3}},"3":{"start":{"line":7,"column":4},"end":{"line":12,"column":5}},"4":{"start":{"line":8,"column":6},"end":{"line":8,"column":23}},"5":{"start":{"line":9,"column":6},"end":{"line":9,"column":27}},"6":{"start":{"line":11,"column":6},"end":{"line":11,"column":24}},"7":{"start":{"line":15,"column":2},"end":{"line":15,"column":33}}},"fnMap":{"0":{"name":"(anonymous_0)","decl":{"start":{"line":3,"column":27},"end":{"line":3,"column":28}},"loc":{"start":{"line":3,"column":72},"end":{"line":16,"column":1}},"line":3},"1":{"name":"(anonymous_1)","decl":{"start":{"line":6,"column":19},"end":{"line":6,"column":20}},"loc":{"start":{"line":6,"column":38},"end":{"line":13,"column":3}},"line":6}},"branchMap":{},"s":{"0":1,"1":6,"2":6,"3":3,"4":3,"5":3,"6":0,"7":6},"f":{"0":6,"1":3},"b":{},"_coverageSchema":"1a1c01bbd47fc00a2c39e90264f33305004495a9","hash":"e6b638a1e9dc96d1804e1308fe16a64666d4e36d"}
,"D:\\Проекты\\react\\react-task\\vite-project\\src\\hooks\\useSaveLS.ts": {"path":"D:\\Проекты\\react\\react-task\\vite-project\\src\\hooks\\useSaveLS.ts","statementMap":{"0":{"start":{"line":4,"column":21},"end":{"line":4,"column":34}},"1":{"start":{"line":6,"column":2},"end":{"line":10,"column":12}},"2":{"start":{"line":7,"column":4},"end":{"line":9,"column":6}},"3":{"start":{"line":8,"column":6},"end":{"line":8,"column":52}},"4":{"start":{"line":12,"column":2},"end":{"line":14,"column":14}},"5":{"start":{"line":13,"column":4},"end":{"line":13,"column":31}}},"fnMap":{"0":{"name":"(anonymous_0)","decl":{"start":{"line":3,"column":15},"end":{"line":3,"column":16}},"loc":{"start":{"line":3,"column":47},"end":{"line":15,"column":1}},"line":3},"1":{"name":"(anonymous_1)","decl":{"start":{"line":6,"column":12},"end":{"line":6,"column":13}},"loc":{"start":{"line":6,"column":18},"end":{"line":10,"column":3}},"line":6},"2":{"name":"(anonymous_2)","decl":{"start":{"line":7,"column":11},"end":{"line":7,"column":12}},"loc":{"start":{"line":7,"column":17},"end":{"line":9,"column":5}},"line":7},"3":{"name":"(anonymous_3)","decl":{"start":{"line":12,"column":12},"end":{"line":12,"column":13}},"loc":{"start":{"line":12,"column":18},"end":{"line":14,"column":3}},"line":12}},"branchMap":{},"s":{"0":6,"1":6,"2":3,"3":3,"4":6,"5":6},"f":{"0":6,"1":3,"2":3,"3":6},"b":{},"_coverageSchema":"1a1c01bbd47fc00a2c39e90264f33305004495a9","hash":"79d40c68865df56fcb88f23eb2fa5ccaa0e21ede"}
,"D:\\Проекты\\react\\react-task\\vite-project\\src\\pages\\About.tsx": {"path":"D:\\Проекты\\react\\react-task\\vite-project\\src\\pages\\About.tsx","statementMap":{"0":{"start":{"line":1,"column":14},"end":{"line":18,"column":1}},"1":{"start":{"line":2,"column":2},"end":{"line":17,"column":4}}},"fnMap":{"0":{"name":"(anonymous_0)","decl":{"start":{"line":1,"column":14},"end":{"line":1,"column":15}},"loc":{"start":{"line":1,"column":20},"end":{"line":18,"column":1}},"line":1}},"branchMap":{},"s":{"0":1,"1":2},"f":{"0":2},"b":{},"_coverageSchema":"1a1c01bbd47fc00a2c39e90264f33305004495a9","hash":"e2ed815a27ca1a17f1c33e79d4c71ec628ef3ea9"}
,"D:\\Проекты\\react\\react-task\\vite-project\\src\\pages\\Cards.tsx": {"path":"D:\\Проекты\\react\\react-task\\vite-project\\src\\pages\\Cards.tsx","statementMap":{"0":{"start":{"line":12,"column":14},"end":{"line":58,"column":1}},"1":{"start":{"line":13,"column":26},"end":{"line":13,"column":48}},"2":{"start":{"line":14,"column":30},"end":{"line":14,"column":50}},"3":{"start":{"line":15,"column":32},"end":{"line":15,"column":56}},"4":{"start":{"line":16,"column":28},"end":{"line":16,"column":57}},"5":{"start":{"line":18,"column":23},"end":{"line":21,"column":3}},"6":{"start":{"line":19,"column":17},"end":{"line":19,"column":36}},"7":{"start":{"line":20,"column":4},"end":{"line":20,"column":18}},"8":{"start":{"line":23,"column":34},"end":{"line":23,"column":59}},"9":{"start":{"line":25,"column":2},"end":{"line":33,"column":9}},"10":{"start":{"line":26,"column":18},"end":{"line":26,"column":61}},"11":{"start":{"line":27,"column":4},"end":{"line":27,"column":21}},"12":{"start":{"line":28,"column":4},"end":{"line":28,"column":20}},"13":{"start":{"line":35,"column":2},"end":{"line":35,"column":29}},"14":{"start":{"line":37,"column":23},"end":{"line":40,"column":3}},"15":{"start":{"line":38,"column":4},"end":{"line":38,"column":19}},"16":{"start":{"line":39,"column":4},"end":{"line":39,"column":24}},"17":{"start":{"line":42,"column":31},"end":{"line":42,"column":56}},"18":{"start":{"line":44,"column":26},"end":{"line":47,"column":3}},"19":{"start":{"line":45,"column":4},"end":{"line":45,"column":19}},"20":{"start":{"line":46,"column":4},"end":{"line":46,"column":21}},"21":{"start":{"line":49,"column":2},"end":{"line":57,"column":4}}},"fnMap":{"0":{"name":"(anonymous_0)","decl":{"start":{"line":12,"column":14},"end":{"line":12,"column":15}},"loc":{"start":{"line":12,"column":20},"end":{"line":58,"column":1}},"line":12},"1":{"name":"(anonymous_1)","decl":{"start":{"line":18,"column":23},"end":{"line":18,"column":24}},"loc":{"start":{"line":18,"column":46},"end":{"line":21,"column":3}},"line":18},"2":{"name":"(anonymous_2)","decl":{"start":{"line":25,"column":12},"end":{"line":25,"column":13}},"loc":{"start":{"line":25,"column":18},"end":{"line":33,"column":3}},"line":25},"3":{"name":"(anonymous_3)","decl":{"start":{"line":37,"column":23},"end":{"line":37,"column":24}},"loc":{"start":{"line":37,"column":46},"end":{"line":40,"column":3}},"line":37},"4":{"name":"(anonymous_4)","decl":{"start":{"line":44,"column":26},"end":{"line":44,"column":27}},"loc":{"start":{"line":44,"column":44},"end":{"line":47,"column":3}},"line":44}},"branchMap":{"0":{"loc":{"start":{"line":26,"column":18},"end":{"line":26,"column":61}},"type":"binary-expr","locations":[{"start":{"line":26,"column":18},"end":{"line":26,"column":47}},{"start":{"line":26,"column":51},"end":{"line":26,"column":61}}],"line":26}},"s":{"0":1,"1":6,"2":6,"3":6,"4":6,"5":6,"6":3,"7":0,"8":6,"9":6,"10":3,"11":3,"12":3,"13":6,"14":6,"15":0,"16":0,"17":6,"18":6,"19":0,"20":0,"21":6},"f":{"0":6,"1":3,"2":3,"3":0,"4":0},"b":{"0":[3,1]},"_coverageSchema":"1a1c01bbd47fc00a2c39e90264f33305004495a9","hash":"129c8d4b56b389bdc2e417f23bc5079f917b72cd"}
,"D:\\Проекты\\react\\react-task\\vite-project\\src\\pages\\Error.tsx": {"path":"D:\\Проекты\\react\\react-task\\vite-project\\src\\pages\\Error.tsx","statementMap":{"0":{"start":{"line":5,"column":14},"end":{"line":17,"column":1}},"1":{"start":{"line":6,"column":2},"end":{"line":16,"column":4}}},"fnMap":{"0":{"name":"(anonymous_0)","decl":{"start":{"line":5,"column":14},"end":{"line":5,"column":15}},"loc":{"start":{"line":5,"column":20},"end":{"line":17,"column":1}},"line":5}},"branchMap":{},"s":{"0":1,"1":1},"f":{"0":1},"b":{},"_coverageSchema":"1a1c01bbd47fc00a2c39e90264f33305004495a9","hash":"015dbd1af09cc46a97bd72ca33d31d915efea2f1"}
,"D:\\Проекты\\react\\react-task\\vite-project\\src\\pages\\Form.tsx": {"path":"D:\\Проекты\\react\\react-task\\vite-project\\src\\pages\\Form.tsx","statementMap":{"0":{"start":{"line":6,"column":13},"end":{"line":19,"column":1}},"1":{"start":{"line":7,"column":35},"end":{"line":7,"column":56}},"2":{"start":{"line":9,"column":18},"end":{"line":11,"column":3}},"3":{"start":{"line":10,"column":4},"end":{"line":10,"column":38}},"4":{"start":{"line":13,"column":2},"end":{"line":18,"column":4}}},"fnMap":{"0":{"name":"(anonymous_0)","decl":{"start":{"line":6,"column":13},"end":{"line":6,"column":14}},"loc":{"start":{"line":6,"column":19},"end":{"line":19,"column":1}},"line":6},"1":{"name":"(anonymous_1)","decl":{"start":{"line":9,"column":18},"end":{"line":9,"column":19}},"loc":{"start":{"line":9,"column":35},"end":{"line":11,"column":3}},"line":9}},"branchMap":{},"s":{"0":1,"1":1,"2":1,"3":0,"4":1},"f":{"0":1,"1":0},"b":{},"_coverageSchema":"1a1c01bbd47fc00a2c39e90264f33305004495a9","hash":"a56552f5a18f847b695f1f20fa660a1095370d1d"}
,"D:\\Проекты\\react\\react-task\\vite-project\\src\\tests\\mocks.ts": {"path":"D:\\Проекты\\react\\react-task\\vite-project\\src\\tests\\mocks.ts","statementMap":{"0":{"start":{"line":3,"column":33},"end":{"line":15,"column":1}},"1":{"start":{"line":17,"column":24},"end":{"line":23,"column":1}},"2":{"start":{"line":25,"column":29},"end":{"line":27,"column":1}},"3":{"start":{"line":26,"column":2},"end":{"line":26,"column":19}},"4":{"start":{"line":29,"column":27},"end":{"line":31,"column":1}},"5":{"start":{"line":30,"column":2},"end":{"line":30,"column":6}},"6":{"start":{"line":33,"column":27},"end":{"line":35,"column":1}},"7":{"start":{"line":34,"column":2},"end":{"line":34,"column":7}}},"fnMap":{"0":{"name":"(anonymous_0)","decl":{"start":{"line":25,"column":29},"end":{"line":25,"column":30}},"loc":{"start":{"line":25,"column":46},"end":{"line":27,"column":1}},"line":25},"1":{"name":"(anonymous_1)","decl":{"start":{"line":29,"column":27},"end":{"line":29,"column":28}},"loc":{"start":{"line":29,"column":43},"end":{"line":31,"column":1}},"line":29},"2":{"name":"(anonymous_2)","decl":{"start":{"line":33,"column":27},"end":{"line":33,"column":28}},"loc":{"start":{"line":33,"column":45},"end":{"line":35,"column":1}},"line":33}},"branchMap":{},"s":{"0":2,"1":2,"2":2,"3":0,"4":2,"5":0,"6":2,"7":0},"f":{"0":0,"1":0,"2":0},"b":{},"_coverageSchema":"1a1c01bbd47fc00a2c39e90264f33305004495a9","hash":"7f793f615a143a438a5cb0ee03d173b9bc117168"}
,"D:\\Проекты\\react\\react-task\\vite-project\\src\\tests\\server\\handlers.ts": {"path":"D:\\Проекты\\react\\react-task\\vite-project\\src\\tests\\server\\handlers.ts","statementMap":{"0":{"start":{"line":4,"column":24},"end":{"line":14,"column":1}},"1":{"start":{"line":6,"column":4},"end":{"line":12,"column":5}}},"fnMap":{"0":{"name":"(anonymous_0)","decl":{"start":{"line":5,"column":53},"end":{"line":5,"column":54}},"loc":{"start":{"line":5,"column":72},"end":{"line":13,"column":3}},"line":5}},"branchMap":{},"s":{"0":1,"1":1},"f":{"0":1},"b":{},"_coverageSchema":"1a1c01bbd47fc00a2c39e90264f33305004495a9","hash":"47c799e9e6be77a2b17be48df87e630c4cef190e"}
,"D:\\Проекты\\react\\react-task\\vite-project\\src\\tests\\server\\server.ts": {"path":"D:\\Проекты\\react\\react-task\\vite-project\\src\\tests\\server\\server.ts","statementMap":{"0":{"start":{"line":4,"column":22},"end":{"line":4,"column":46}}},"fnMap":{},"branchMap":{},"s":{"0":1},"f":{},"b":{},"_coverageSchema":"1a1c01bbd47fc00a2c39e90264f33305004495a9","hash":"f29ca633b7defa4ce484bc5237952901c45e4db4"}
}
