{"D:\\Проекты\\react\\react-task\\vite-project\\src\\App.tsx": {"path":"D:\\Проекты\\react\\react-task\\vite-project\\src\\App.tsx","statementMap":{"0":{"start":{"line":5,"column":2},"end":{"line":9,"column":4}}},"fnMap":{"0":{"name":"App","decl":{"start":{"line":4,"column":9},"end":{"line":4,"column":12}},"loc":{"start":{"line":4,"column":15},"end":{"line":10,"column":1}},"line":4}},"branchMap":{},"s":{"0":1},"f":{"0":1},"b":{},"_coverageSchema":"1a1c01bbd47fc00a2c39e90264f33305004495a9","hash":"23b015c5c9a877c6c541c5984284599c21c710d3"}
,"D:\\Проекты\\react\\react-task\\vite-project\\src\\main.tsx": {"path":"D:\\Проекты\\react\\react-task\\vite-project\\src\\main.tsx","statementMap":{"0":{"start":{"line":6,"column":0},"end":{"line":10,"column":2}}},"fnMap":{},"branchMap":{},"s":{"0":0},"f":{},"b":{}}
,"D:\\Проекты\\react\\react-task\\vite-project\\src\\API\\Airlines.ts": {"path":"D:\\Проекты\\react\\react-task\\vite-project\\src\\API\\Airlines.ts","statementMap":{"0":{"start":{"line":5,"column":16},"end":{"line":9,"column":6}},"1":{"start":{"line":10,"column":31},"end":{"line":10,"column":47}},"2":{"start":{"line":11,"column":4},"end":{"line":11,"column":18}},"3":{"start":{"line":15,"column":4},"end":{"line":15,"column":51}},"4":{"start":{"line":19,"column":4},"end":{"line":19,"column":51}},"5":{"start":{"line":23,"column":4},"end":{"line":23,"column":51}},"6":{"start":{"line":27,"column":4},"end":{"line":27,"column":58}}},"fnMap":{"0":{"name":"(anonymous_0)","decl":{"start":{"line":4,"column":2},"end":{"line":4,"column":3}},"loc":{"start":{"line":4,"column":56},"end":{"line":12,"column":3}},"line":4},"1":{"name":"(anonymous_1)","decl":{"start":{"line":14,"column":2},"end":{"line":14,"column":3}},"loc":{"start":{"line":14,"column":26},"end":{"line":16,"column":3}},"line":14},"2":{"name":"(anonymous_2)","decl":{"start":{"line":18,"column":2},"end":{"line":18,"column":3}},"loc":{"start":{"line":18,"column":26},"end":{"line":20,"column":3}},"line":18},"3":{"name":"(anonymous_3)","decl":{"start":{"line":22,"column":2},"end":{"line":22,"column":3}},"loc":{"start":{"line":22,"column":26},"end":{"line":24,"column":3}},"line":22},"4":{"name":"(anonymous_4)","decl":{"start":{"line":26,"column":2},"end":{"line":26,"column":3}},"loc":{"start":{"line":26,"column":16},"end":{"line":28,"column":3}},"line":26}},"branchMap":{},"s":{"0":0,"1":0,"2":0,"3":0,"4":0,"5":0,"6":0},"f":{"0":0,"1":0,"2":0,"3":0,"4":0},"b":{},"_coverageSchema":"1a1c01bbd47fc00a2c39e90264f33305004495a9","hash":"e8b57a6be5d930db44b1bc3789fa9d31a150ec07"}
,"D:\\Проекты\\react\\react-task\\vite-project\\src\\components\\Card.tsx": {"path":"D:\\Проекты\\react\\react-task\\vite-project\\src\\components\\Card.tsx","statementMap":{"0":{"start":{"line":9,"column":13},"end":{"line":27,"column":1}},"1":{"start":{"line":10,"column":16},"end":{"line":10,"column":29}},"2":{"start":{"line":11,"column":2},"end":{"line":26,"column":4}}},"fnMap":{"0":{"name":"(anonymous_0)","decl":{"start":{"line":9,"column":13},"end":{"line":9,"column":14}},"loc":{"start":{"line":9,"column":38},"end":{"line":27,"column":1}},"line":9}},"branchMap":{"0":{"loc":{"start":{"line":15,"column":9},"end":{"line":15,"column":86}},"type":"cond-expr","locations":[{"start":{"line":15,"column":28},"end":{"line":15,"column":69}},{"start":{"line":15,"column":72},"end":{"line":15,"column":86}}],"line":15}},"s":{"0":1,"1":1,"2":1},"f":{"0":1},"b":{"0":[0,1]},"_coverageSchema":"1a1c01bbd47fc00a2c39e90264f33305004495a9","hash":"bb3751a20e7010f8a0d56416a2bb7154ea4bac29"}
,"D:\\Проекты\\react\\react-task\\vite-project\\src\\components\\CardsList.tsx": {"path":"D:\\Проекты\\react\\react-task\\vite-project\\src\\components\\CardsList.tsx","statementMap":{"0":{"start":{"line":10,"column":18},"end":{"line":21,"column":1}},"1":{"start":{"line":11,"column":2},"end":{"line":11,"column":41}},"2":{"start":{"line":11,"column":21},"end":{"line":11,"column":41}},"3":{"start":{"line":12,"column":2},"end":{"line":12,"column":40}},"4":{"start":{"line":12,"column":20},"end":{"line":12,"column":40}},"5":{"start":{"line":14,"column":2},"end":{"line":20,"column":4}},"6":{"start":{"line":17,"column":8},"end":{"line":17,"column":43}}},"fnMap":{"0":{"name":"(anonymous_0)","decl":{"start":{"line":10,"column":18},"end":{"line":10,"column":19}},"loc":{"start":{"line":10,"column":40},"end":{"line":21,"column":1}},"line":10},"1":{"name":"(anonymous_1)","decl":{"start":{"line":16,"column":16},"end":{"line":16,"column":17}},"loc":{"start":{"line":17,"column":8},"end":{"line":17,"column":43}},"line":17}},"branchMap":{"0":{"loc":{"start":{"line":11,"column":2},"end":{"line":11,"column":41}},"type":"if","locations":[{"start":{"line":11,"column":2},"end":{"line":11,"column":41}},{"start":{},"end":{}}],"line":11},"1":{"loc":{"start":{"line":12,"column":2},"end":{"line":12,"column":40}},"type":"if","locations":[{"start":{"line":12,"column":2},"end":{"line":12,"column":40}},{"start":{},"end":{}}],"line":12}},"s":{"0":1,"1":2,"2":2,"3":0,"4":0,"5":0,"6":0},"f":{"0":2,"1":0},"b":{"0":[2,0],"1":[0,0]},"_coverageSchema":"1a1c01bbd47fc00a2c39e90264f33305004495a9","hash":"037ecd1735efd2aedaffa26683488124f55b6aa9"}
,"D:\\Проекты\\react\\react-task\\vite-project\\src\\components\\MyLink.tsx": {"path":"D:\\Проекты\\react\\react-task\\vite-project\\src\\components\\MyLink.tsx","statementMap":{"0":{"start":{"line":8,"column":15},"end":{"line":14,"column":1}},"1":{"start":{"line":9,"column":2},"end":{"line":13,"column":4}}},"fnMap":{"0":{"name":"(anonymous_0)","decl":{"start":{"line":8,"column":15},"end":{"line":8,"column":16}},"loc":{"start":{"line":8,"column":45},"end":{"line":14,"column":1}},"line":8}},"branchMap":{},"s":{"0":1,"1":2},"f":{"0":2},"b":{},"_coverageSchema":"1a1c01bbd47fc00a2c39e90264f33305004495a9","hash":"1b7adc17c81f635112dc9bc0ff46df95632c9763"}
,"D:\\Проекты\\react\\react-task\\vite-project\\src\\components\\NavRoutes.tsx": {"path":"D:\\Проекты\\react\\react-task\\vite-project\\src\\components\\NavRoutes.tsx","statementMap":{"0":{"start":{"line":8,"column":18},"end":{"line":22,"column":1}},"1":{"start":{"line":9,"column":2},"end":{"line":21,"column":4}}},"fnMap":{"0":{"name":"(anonymous_0)","decl":{"start":{"line":8,"column":18},"end":{"line":8,"column":19}},"loc":{"start":{"line":8,"column":24},"end":{"line":22,"column":1}},"line":8}},"branchMap":{},"s":{"0":1,"1":1},"f":{"0":1},"b":{},"_coverageSchema":"1a1c01bbd47fc00a2c39e90264f33305004495a9","hash":"54d12c13d395ee0dfbaf87756b338f1f32ccf0fa"}
,"D:\\Проекты\\react\\react-task\\vite-project\\src\\components\\Navbar.tsx": {"path":"D:\\Проекты\\react\\react-task\\vite-project\\src\\components\\Navbar.tsx","statementMap":{"0":{"start":{"line":4,"column":15},"end":{"line":16,"column":1}},"1":{"start":{"line":5,"column":2},"end":{"line":15,"column":4}}},"fnMap":{"0":{"name":"(anonymous_0)","decl":{"start":{"line":4,"column":15},"end":{"line":4,"column":16}},"loc":{"start":{"line":4,"column":21},"end":{"line":16,"column":1}},"line":4}},"branchMap":{},"s":{"0":1,"1":1},"f":{"0":1},"b":{},"_coverageSchema":"1a1c01bbd47fc00a2c39e90264f33305004495a9","hash":"bd3541bac017b7ae25ece7f920a29ef94a3c4362"}
,"D:\\Проекты\\react\\react-task\\vite-project\\src\\components\\NotFound.tsx": {"path":"D:\\Проекты\\react\\react-task\\vite-project\\src\\components\\NotFound.tsx","statementMap":{"0":{"start":{"line":1,"column":17},"end":{"line":3,"column":1}},"1":{"start":{"line":2,"column":2},"end":{"line":2,"column":72}}},"fnMap":{"0":{"name":"(anonymous_0)","decl":{"start":{"line":1,"column":17},"end":{"line":1,"column":18}},"loc":{"start":{"line":1,"column":23},"end":{"line":3,"column":1}},"line":1}},"branchMap":{},"s":{"0":1,"1":1},"f":{"0":1},"b":{},"_coverageSchema":"1a1c01bbd47fc00a2c39e90264f33305004495a9","hash":"b6a4a6ae72370ca035fe42ea5493805514ce858a"}
,"D:\\Проекты\\react\\react-task\\vite-project\\src\\components\\UI\\button\\MyButton.tsx": {"path":"D:\\Проекты\\react\\react-task\\vite-project\\src\\components\\UI\\button\\MyButton.tsx","statementMap":{"0":{"start":{"line":8,"column":17},"end":{"line":14,"column":1}},"1":{"start":{"line":9,"column":2},"end":{"line":13,"column":4}}},"fnMap":{"0":{"name":"(anonymous_0)","decl":{"start":{"line":8,"column":17},"end":{"line":8,"column":18}},"loc":{"start":{"line":8,"column":53},"end":{"line":14,"column":1}},"line":8}},"branchMap":{},"s":{"0":1,"1":1},"f":{"0":1},"b":{},"_coverageSchema":"1a1c01bbd47fc00a2c39e90264f33305004495a9","hash":"4faeb956d1563e7a4d31b148f1e7df7009b90a56"}
,"D:\\Проекты\\react\\react-task\\vite-project\\src\\components\\UI\\input\\MyInput.tsx": {"path":"D:\\Проекты\\react\\react-task\\vite-project\\src\\components\\UI\\input\\MyInput.tsx","statementMap":{"0":{"start":{"line":8,"column":16},"end":{"line":18,"column":1}},"1":{"start":{"line":9,"column":2},"end":{"line":17,"column":4}},"2":{"start":{"line":14,"column":23},"end":{"line":14,"column":48}}},"fnMap":{"0":{"name":"(anonymous_0)","decl":{"start":{"line":8,"column":16},"end":{"line":8,"column":17}},"loc":{"start":{"line":8,"column":50},"end":{"line":18,"column":1}},"line":8},"1":{"name":"(anonymous_1)","decl":{"start":{"line":14,"column":16},"end":{"line":14,"column":17}},"loc":{"start":{"line":14,"column":23},"end":{"line":14,"column":48}},"line":14}},"branchMap":{},"s":{"0":1,"1":3,"2":0},"f":{"0":3,"1":0},"b":{},"_coverageSchema":"1a1c01bbd47fc00a2c39e90264f33305004495a9","hash":"469038baa1f8aac8b3183eed77e6f2177aa37120"}
,"D:\\Проекты\\react\\react-task\\vite-project\\src\\components\\UI\\loader\\MyLoader.tsx": {"path":"D:\\Проекты\\react\\react-task\\vite-project\\src\\components\\UI\\loader\\MyLoader.tsx","statementMap":{"0":{"start":{"line":3,"column":17},"end":{"line":10,"column":1}},"1":{"start":{"line":4,"column":2},"end":{"line":9,"column":4}}},"fnMap":{"0":{"name":"(anonymous_0)","decl":{"start":{"line":3,"column":17},"end":{"line":3,"column":18}},"loc":{"start":{"line":3,"column":23},"end":{"line":10,"column":1}},"line":3}},"branchMap":{},"s":{"0":1,"1":3},"f":{"0":3},"b":{},"_coverageSchema":"1a1c01bbd47fc00a2c39e90264f33305004495a9","hash":"cee5a4009874d966b3d698af60656279baf743f5"}
,"D:\\Проекты\\react\\react-task\\vite-project\\src\\data\\types.ts": {"path":"D:\\Проекты\\react\\react-task\\vite-project\\src\\data\\types.ts","statementMap":{},"fnMap":{},"branchMap":{},"s":{},"f":{},"b":{},"_coverageSchema":"1a1c01bbd47fc00a2c39e90264f33305004495a9","hash":"abde997d2bd4961f8976daeceec15ab1b3fc51c9"}
,"D:\\Проекты\\react\\react-task\\vite-project\\src\\pages\\About.tsx": {"path":"D:\\Проекты\\react\\react-task\\vite-project\\src\\pages\\About.tsx","statementMap":{"0":{"start":{"line":1,"column":14},"end":{"line":18,"column":1}},"1":{"start":{"line":2,"column":2},"end":{"line":17,"column":4}}},"fnMap":{"0":{"name":"(anonymous_0)","decl":{"start":{"line":1,"column":14},"end":{"line":1,"column":15}},"loc":{"start":{"line":1,"column":20},"end":{"line":18,"column":1}},"line":1}},"branchMap":{},"s":{"0":1,"1":2},"f":{"0":2},"b":{},"_coverageSchema":"1a1c01bbd47fc00a2c39e90264f33305004495a9","hash":"e2ed815a27ca1a17f1c33e79d4c71ec628ef3ea9"}
,"D:\\Проекты\\react\\react-task\\vite-project\\src\\pages\\CardPage.tsx": {"path":"D:\\Проекты\\react\\react-task\\vite-project\\src\\pages\\CardPage.tsx","statementMap":{"0":{"start":{"line":9,"column":4},"end":{"line":9,"column":19}},"1":{"start":{"line":13,"column":17},"end":{"line":13,"column":48}},"2":{"start":{"line":14,"column":4},"end":{"line":14,"column":47}},"3":{"start":{"line":14,"column":15},"end":{"line":14,"column":47}},"4":{"start":{"line":16,"column":17},"end":{"line":16,"column":42}},"5":{"start":{"line":17,"column":4},"end":{"line":19,"column":5}},"6":{"start":{"line":18,"column":6},"end":{"line":18,"column":67}},"7":{"start":{"line":21,"column":20},"end":{"line":21,"column":27}},"8":{"start":{"line":22,"column":4},"end":{"line":22,"column":31}},"9":{"start":{"line":26,"column":24},"end":{"line":26,"column":55}},"10":{"start":{"line":27,"column":4},"end":{"line":27,"column":38}},"11":{"start":{"line":27,"column":18},"end":{"line":27,"column":38}},"12":{"start":{"line":28,"column":21},"end":{"line":28,"column":50}},"13":{"start":{"line":29,"column":4},"end":{"line":29,"column":19}},"14":{"start":{"line":30,"column":4},"end":{"line":45,"column":6}},"15":{"start":{"line":39,"column":12},"end":{"line":41,"column":17}}},"fnMap":{"0":{"name":"(anonymous_0)","decl":{"start":{"line":8,"column":2},"end":{"line":8,"column":3}},"loc":{"start":{"line":8,"column":22},"end":{"line":10,"column":3}},"line":8},"1":{"name":"(anonymous_1)","decl":{"start":{"line":12,"column":2},"end":{"line":12,"column":3}},"loc":{"start":{"line":12,"column":18},"end":{"line":23,"column":3}},"line":12},"2":{"name":"(anonymous_2)","decl":{"start":{"line":25,"column":2},"end":{"line":25,"column":3}},"loc":{"start":{"line":25,"column":11},"end":{"line":46,"column":3}},"line":25},"3":{"name":"(anonymous_3)","decl":{"start":{"line":38,"column":24},"end":{"line":38,"column":25}},"loc":{"start":{"line":39,"column":12},"end":{"line":41,"column":17}},"line":39}},"branchMap":{"0":{"loc":{"start":{"line":14,"column":4},"end":{"line":14,"column":47}},"type":"if","locations":[{"start":{"line":14,"column":4},"end":{"line":14,"column":47}},{"start":{},"end":{}}],"line":14},"1":{"loc":{"start":{"line":17,"column":4},"end":{"line":19,"column":5}},"type":"if","locations":[{"start":{"line":17,"column":4},"end":{"line":19,"column":5}},{"start":{},"end":{}}],"line":17},"2":{"loc":{"start":{"line":26,"column":24},"end":{"line":26,"column":55}},"type":"binary-expr","locations":[{"start":{"line":26,"column":24},"end":{"line":26,"column":34}},{"start":{"line":26,"column":38},"end":{"line":26,"column":55}}],"line":26},"3":{"loc":{"start":{"line":27,"column":4},"end":{"line":27,"column":38}},"type":"if","locations":[{"start":{"line":27,"column":4},"end":{"line":27,"column":38}},{"start":{},"end":{}}],"line":27},"4":{"loc":{"start":{"line":33,"column":9},"end":{"line":33,"column":77}},"type":"cond-expr","locations":[{"start":{"line":33,"column":28},"end":{"line":33,"column":69}},{"start":{"line":33,"column":72},"end":{"line":33,"column":77}}],"line":33}},"s":{"0":1,"1":1,"2":1,"3":1,"4":0,"5":0,"6":0,"7":0,"8":0,"9":1,"10":1,"11":1,"12":0,"13":0,"14":0,"15":0},"f":{"0":1,"1":1,"2":1,"3":0},"b":{"0":[1,0],"1":[0,0],"2":[1,1],"3":[1,0],"4":[0,0]},"_coverageSchema":"1a1c01bbd47fc00a2c39e90264f33305004495a9","hash":"44bacb148ebd283bc54c6667eca297e3e99d3140"}
,"D:\\Проекты\\react\\react-task\\vite-project\\src\\pages\\Cards.tsx": {"path":"D:\\Проекты\\react\\react-task\\vite-project\\src\\pages\\Cards.tsx","statementMap":{"0":{"start":{"line":11,"column":4},"end":{"line":11,"column":17}},"1":{"start":{"line":12,"column":4},"end":{"line":12,"column":74}},"2":{"start":{"line":16,"column":4},"end":{"line":19,"column":5}},"3":{"start":{"line":17,"column":6},"end":{"line":17,"column":35}},"4":{"start":{"line":18,"column":6},"end":{"line":18,"column":28}},"5":{"start":{"line":20,"column":4},"end":{"line":24,"column":12}},"6":{"start":{"line":21,"column":6},"end":{"line":21,"column":41}},"7":{"start":{"line":22,"column":19},"end":{"line":22,"column":57}},"8":{"start":{"line":23,"column":6},"end":{"line":23,"column":30}},"9":{"start":{"line":28,"column":16},"end":{"line":28,"column":30}},"10":{"start":{"line":29,"column":4},"end":{"line":29,"column":39}},"11":{"start":{"line":33,"column":16},"end":{"line":33,"column":45}},"12":{"start":{"line":34,"column":4},"end":{"line":34,"column":30}},"13":{"start":{"line":34,"column":13},"end":{"line":34,"column":30}},"14":{"start":{"line":38,"column":4},"end":{"line":38,"column":30}},"15":{"start":{"line":42,"column":4},"end":{"line":42,"column":30}},"16":{"start":{"line":46,"column":4},"end":{"line":51,"column":6}}},"fnMap":{"0":{"name":"(anonymous_0)","decl":{"start":{"line":10,"column":2},"end":{"line":10,"column":3}},"loc":{"start":{"line":10,"column":30},"end":{"line":13,"column":3}},"line":10},"1":{"name":"(anonymous_1)","decl":{"start":{"line":15,"column":2},"end":{"line":15,"column":3}},"loc":{"start":{"line":15,"column":22},"end":{"line":25,"column":3}},"line":15},"2":{"name":"(anonymous_2)","decl":{"start":{"line":20,"column":32},"end":{"line":20,"column":33}},"loc":{"start":{"line":20,"column":44},"end":{"line":24,"column":5}},"line":20},"3":{"name":"(anonymous_3)","decl":{"start":{"line":27,"column":2},"end":{"line":27,"column":3}},"loc":{"start":{"line":27,"column":23},"end":{"line":30,"column":3}},"line":27},"4":{"name":"(anonymous_4)","decl":{"start":{"line":32,"column":2},"end":{"line":32,"column":3}},"loc":{"start":{"line":32,"column":22},"end":{"line":35,"column":3}},"line":32},"5":{"name":"(anonymous_5)","decl":{"start":{"line":37,"column":2},"end":{"line":37,"column":3}},"loc":{"start":{"line":37,"column":25},"end":{"line":39,"column":3}},"line":37},"6":{"name":"(anonymous_6)","decl":{"start":{"line":41,"column":2},"end":{"line":41,"column":3}},"loc":{"start":{"line":41,"column":23},"end":{"line":43,"column":3}},"line":41},"7":{"name":"(anonymous_7)","decl":{"start":{"line":45,"column":2},"end":{"line":45,"column":3}},"loc":{"start":{"line":45,"column":11},"end":{"line":52,"column":3}},"line":45}},"branchMap":{"0":{"loc":{"start":{"line":12,"column":36},"end":{"line":12,"column":71}},"type":"binary-expr","locations":[{"start":{"line":12,"column":36},"end":{"line":12,"column":65}},{"start":{"line":12,"column":69},"end":{"line":12,"column":71}}],"line":12},"1":{"loc":{"start":{"line":16,"column":4},"end":{"line":19,"column":5}},"type":"if","locations":[{"start":{"line":16,"column":4},"end":{"line":19,"column":5}},{"start":{},"end":{}}],"line":16},"2":{"loc":{"start":{"line":22,"column":39},"end":{"line":22,"column":56}},"type":"binary-expr","locations":[{"start":{"line":22,"column":39},"end":{"line":22,"column":42}},{"start":{"line":22,"column":46},"end":{"line":22,"column":56}}],"line":22},"3":{"loc":{"start":{"line":34,"column":4},"end":{"line":34,"column":30}},"type":"if","locations":[{"start":{"line":34,"column":4},"end":{"line":34,"column":30}},{"start":{},"end":{}}],"line":34},"4":{"loc":{"start":{"line":48,"column":59},"end":{"line":48,"column":94}},"type":"binary-expr","locations":[{"start":{"line":48,"column":59},"end":{"line":48,"column":88}},{"start":{"line":48,"column":92},"end":{"line":48,"column":94}}],"line":48},"5":{"loc":{"start":{"line":49,"column":25},"end":{"line":49,"column":60}},"type":"cond-expr","locations":[{"start":{"line":49,"column":38},"end":{"line":49,"column":53}},{"start":{"line":49,"column":56},"end":{"line":49,"column":60}}],"line":49}},"s":{"0":2,"1":2,"2":0,"3":0,"4":0,"5":0,"6":0,"7":0,"8":0,"9":2,"10":2,"11":2,"12":2,"13":0,"14":2,"15":0,"16":2},"f":{"0":2,"1":0,"2":0,"3":2,"4":2,"5":2,"6":0,"7":2},"b":{"0":[2,2],"1":[0,0],"2":[0,0],"3":[0,2],"4":[2,2],"5":[2,0]},"_coverageSchema":"1a1c01bbd47fc00a2c39e90264f33305004495a9","hash":"657e3b662cad72b7393c075306e309d5a7c92904"}
,"D:\\Проекты\\react\\react-task\\vite-project\\src\\pages\\Error.tsx": {"path":"D:\\Проекты\\react\\react-task\\vite-project\\src\\pages\\Error.tsx","statementMap":{"0":{"start":{"line":1,"column":14},"end":{"line":3,"column":1}},"1":{"start":{"line":2,"column":2},"end":{"line":2,"column":36}}},"fnMap":{"0":{"name":"(anonymous_0)","decl":{"start":{"line":1,"column":14},"end":{"line":1,"column":15}},"loc":{"start":{"line":1,"column":20},"end":{"line":3,"column":1}},"line":1}},"branchMap":{},"s":{"0":1,"1":1},"f":{"0":1},"b":{},"_coverageSchema":"1a1c01bbd47fc00a2c39e90264f33305004495a9","hash":"c5c0e2dc8f56592a7ee802f95527f302be54c1b3"}
}
